15:48:35 INFO  : Launching XSDB server: xsdb -n /opt/xilinx/SDK/2015.4/scripts/xsdb/xsdb/xsdb-server.tcl
15:48:35 INFO  : Launching XSDB server: xsdb -n /opt/xilinx/SDK/2015.4/scripts/xsdb/xsdb/xsdb-server.tcl
15:48:36 INFO  : XSDB server has started successfully.
15:48:36 INFO  : XSDB server has started successfully.
15:49:20 INFO  : Connected to target on host '127.0.0.1' and port '3121'.
15:49:20 INFO  : 'targets -set -filter {jtag_cable_name =~ "Digilent Zed 210248469540" && level==0} -index 1' command is executed.
15:49:22 INFO  : FPGA configured successfully with bitstream "/home/jaffe5/Documents/classes/spring_2016/mpu_based_design/ZedBoardAudioEqualizer/ZedBoard_FreeRTOS_Audio_Loopback_V1_0_1/system_wrapper_hw_platform_0/system_wrapper.bit"
15:49:33 INFO  : ps7_init is completed.
15:49:33 INFO  : ps7_post_config is completed.
15:49:33 INFO  : Processor reset is completed for ps7_cortexa9_0
15:53:22 INFO  : Processor reset is completed for ps7_cortexa9_0
16:02:46 ERROR : Unexpected error while parsing XMD response ￿: com.google.gson.JsonSyntaxException: com.google.gson.stream.MalformedJsonException: invalid number or unquoted string near 
16:07:23 INFO  : Launching XSDB server: xsdb -n /opt/xilinx/SDK/2015.4/scripts/xsdb/xsdb/xsdb-server.tcl
16:07:24 INFO  : XSDB server has started successfully.
16:07:29 INFO  : Processor reset is completed for ps7_cortexa9_0
16:28:13 INFO  : ps7_cortexa9_0 Processor is in use. Please stop existing Run or Debug sessions before launching.
16:28:15 INFO  : Processor reset is completed for ps7_cortexa9_0
16:29:02 INFO  : Processor reset is completed for ps7_cortexa9_0
16:29:16 INFO  : Processor reset is completed for ps7_cortexa9_0
16:29:44 INFO  : Connected to target on host '127.0.0.1' and port '3121'.
16:29:44 INFO  : 'targets -set -filter {jtag_cable_name =~ "Digilent Zed 210248469540" && level==0} -index 1' command is executed.
16:29:47 INFO  : FPGA configured successfully with bitstream "/home/jaffe5/Documents/classes/spring_2016/mpu_based_design/ZedBoardAudioEqualizer/ZedBoard_FreeRTOS_Audio_Loopback_V1_0_1/system_wrapper_hw_platform_0/system_wrapper.bit"
16:29:54 INFO  : ps7_init is completed.
16:29:54 INFO  : ps7_post_config is completed.
16:29:54 INFO  : Processor reset is completed for ps7_cortexa9_0
16:30:17 INFO  : ps7_cortexa9_0 Processor is in use. Please stop existing Run or Debug sessions before launching.
16:30:19 INFO  : Processor reset is completed for ps7_cortexa9_0
16:31:15 INFO  : Processor reset is completed for ps7_cortexa9_0
16:31:39 INFO  : Processor reset is completed for ps7_cortexa9_0
16:31:55 INFO  : Processor reset is completed for ps7_cortexa9_0
16:33:05 INFO  : Processor reset is completed for ps7_cortexa9_0
16:39:28 INFO  : Processor reset is completed for ps7_cortexa9_0
16:40:25 INFO  : Connected to target on host '127.0.0.1' and port '3121'.
16:40:25 INFO  : 'targets -set -filter {jtag_cable_name =~ "Digilent Zed 210248469540" && level==0} -index 1' command is executed.
16:40:27 INFO  : FPGA configured successfully with bitstream "/home/jaffe5/Documents/classes/spring_2016/mpu_based_design/ZedBoardAudioEqualizer/ZedBoard_FreeRTOS_Audio_Loopback_V1_0_1/system_wrapper_hw_platform_0/system_wrapper.bit"
16:40:32 INFO  : ps7_init is completed.
16:40:32 INFO  : ps7_post_config is completed.
16:40:32 INFO  : Processor reset is completed for ps7_cortexa9_0
16:40:48 INFO  : ps7_cortexa9_0 Processor is in use. Please stop existing Run or Debug sessions before launching.
16:40:49 INFO  : Processor reset is completed for ps7_cortexa9_0
16:42:47 INFO  : ps7_cortexa9_0 Processor is in use. Please stop existing Run or Debug sessions before launching.
16:42:49 INFO  : Processor reset is completed for ps7_cortexa9_0
16:43:22 INFO  : Processor reset is completed for ps7_cortexa9_0
16:44:29 INFO  : Time out for XMD transaction is 60000
If you want to increase the timeout value, goto Windows-> Preferences -> Xilinx SDK -> XMD Startup
16:44:29 ERROR : Timeout occured while waiting to get reply for command "xdisconnect 64"
16:44:29 ERROR : Disconnect target failed.
19:36:29 INFO  : FPGA Cable Disconnected. All active launches will be terminated.
19:36:29 ERROR : Disconnect target failed.No Target with ID 64 in the System


19:37:08 INFO  : Connected to target on host '127.0.0.1' and port '3121'.
19:37:08 INFO  : 'targets -set -filter {jtag_cable_name =~ "Digilent Zed 210248469540" && level==0} -index 1' command is executed.
19:37:10 INFO  : FPGA configured successfully with bitstream "/home/jaffe5/Documents/classes/spring_2016/mpu_based_design/ZedBoardAudioEqualizer/ZedBoard_FreeRTOS_Audio_Loopback_V1_0_1/system_wrapper_hw_platform_0/system_wrapper.bit"
19:37:15 ERROR : Checking FPGA configuration failed..Lost communication with jtag cable. Run "xdisconnect -cable"
                           and start over again


19:37:15 ERROR : Unexpected error while launching program.
com.xilinx.sdk.targetmanager.TMException: Lost communication with jtag cable. Run "xdisconnect -cable"
                           and start over again


	at com.xilinx.sdk.targetmanager.internal.TM.isFPGAConfigured(TM.java:374)
	at com.xilinx.sdk.debug.core.XilinxAppLaunchConfigurationDelegate.isFpgaConfigured(XilinxAppLaunchConfigurationDelegate.java:409)
	at com.xilinx.sdk.debug.core.XilinxAppLaunchConfigurationDelegate.launch(XilinxAppLaunchConfigurationDelegate.java:303)
	at com.xilinx.sdk.debug.ui.XilinxAppLaunchDelegateWrapper.launch(XilinxAppLaunchDelegateWrapper.java:31)
	at org.eclipse.debug.internal.core.LaunchConfiguration.launch(LaunchConfiguration.java:858)
	at org.eclipse.debug.internal.core.LaunchConfiguration.launch(LaunchConfiguration.java:707)
	at org.eclipse.debug.internal.ui.DebugUIPlugin.buildAndLaunch(DebugUIPlugin.java:1018)
	at org.eclipse.debug.internal.ui.DebugUIPlugin$8.run(DebugUIPlugin.java:1222)
	at org.eclipse.core.internal.jobs.Worker.run(Worker.java:53)
19:37:15 ERROR : Disconnect target failed.No Target with ID 64 in the System


19:37:31 ERROR : Checking FPGA configuration failed..Lost communication with jtag cable. Run "xdisconnect -cable"
                           and start over again


19:37:31 ERROR : Unexpected error while launching program.
com.xilinx.sdk.targetmanager.TMException: Lost communication with jtag cable. Run "xdisconnect -cable"
                           and start over again


	at com.xilinx.sdk.targetmanager.internal.TM.isFPGAConfigured(TM.java:374)
	at com.xilinx.sdk.debug.core.XilinxAppLaunchConfigurationDelegate.isFpgaConfigured(XilinxAppLaunchConfigurationDelegate.java:409)
	at com.xilinx.sdk.debug.core.XilinxAppLaunchConfigurationDelegate.launch(XilinxAppLaunchConfigurationDelegate.java:303)
	at com.xilinx.sdk.debug.ui.XilinxAppLaunchDelegateWrapper.launch(XilinxAppLaunchDelegateWrapper.java:31)
	at org.eclipse.debug.internal.core.LaunchConfiguration.launch(LaunchConfiguration.java:858)
	at org.eclipse.debug.internal.core.LaunchConfiguration.launch(LaunchConfiguration.java:707)
	at org.eclipse.debug.internal.ui.DebugUIPlugin.buildAndLaunch(DebugUIPlugin.java:1018)
	at org.eclipse.debug.internal.ui.DebugUIPlugin$8.run(DebugUIPlugin.java:1222)
	at org.eclipse.core.internal.jobs.Worker.run(Worker.java:53)
19:37:31 ERROR : Disconnect target failed.No Target with ID 64 in the System


19:39:16 ERROR : Disconnect target failed.No Target with ID 64 in the System


19:39:16 ERROR : Unable to disconnect from existing targets
java.lang.RuntimeException: No Target with ID 64 in the System


	at com.xilinx.sdk.targetmanager.internal.TM.disconnectTarget(TM.java:329)
	at com.xilinx.sdk.targetmanager.internal.TM.disconnectExistingTargets(TM.java:308)
	at com.xilinx.sdk.targetmanager.internal.TM.terminate(TM.java:212)
	at com.xilinx.sdk.targetmanager.TMPlugin.stop(TMPlugin.java:58)
	at org.eclipse.osgi.framework.internal.core.BundleContextImpl$2.run(BundleContextImpl.java:771)
	at java.security.AccessController.doPrivileged(Native Method)
	at org.eclipse.osgi.framework.internal.core.BundleContextImpl.stop(BundleContextImpl.java:764)
	at org.eclipse.osgi.framework.internal.core.BundleHost.stopWorker(BundleHost.java:510)
	at org.eclipse.osgi.framework.internal.core.AbstractBundle.suspend(AbstractBundle.java:566)
	at org.eclipse.osgi.framework.internal.core.Framework.suspendBundle(Framework.java:1206)
	at org.eclipse.osgi.framework.internal.core.StartLevelManager.decFWSL(StartLevelManager.java:592)
	at org.eclipse.osgi.framework.internal.core.StartLevelManager.doSetStartLevel(StartLevelManager.java:257)
	at org.eclipse.osgi.framework.internal.core.StartLevelManager.shutdown(StartLevelManager.java:215)
	at org.eclipse.osgi.framework.internal.core.InternalSystemBundle.suspend(InternalSystemBundle.java:284)
	at org.eclipse.osgi.framework.internal.core.Framework.shutdown(Framework.java:692)
	at org.eclipse.osgi.framework.internal.core.Framework.close(Framework.java:600)
	at org.eclipse.core.runtime.adaptor.EclipseStarter.shutdown(EclipseStarter.java:400)
	at org.eclipse.core.runtime.adaptor.EclipseStarter.run(EclipseStarter.java:200)
	at sun.reflect.NativeMethodAccessorImpl.invoke0(Native Method)
	at sun.reflect.NativeMethodAccessorImpl.invoke(NativeMethodAccessorImpl.java:62)
	at sun.reflect.DelegatingMethodAccessorImpl.invoke(DelegatingMethodAccessorImpl.java:43)
	at java.lang.reflect.Method.invoke(Method.java:497)
	at org.eclipse.equinox.launcher.Main.invokeFramework(Main.java:636)
	at org.eclipse.equinox.launcher.Main.basicRun(Main.java:591)
	at org.eclipse.equinox.launcher.Main.run(Main.java:1450)
	at org.eclipse.equinox.launcher.Main.main(Main.java:1426)
19:39:16 ERROR : Unexpected error while parsing XMD response ￿: com.google.gson.JsonSyntaxException: com.google.gson.stream.MalformedJsonException: invalid number or unquoted string near 
19:41:36 INFO  : Launching XSDB server: xsdb -n /opt/xilinx/SDK/2015.4/scripts/xsdb/xsdb/xsdb-server.tcl
19:41:37 INFO  : XSDB server has started successfully.
19:42:17 INFO  : ps7_init is completed.
19:42:17 INFO  : ps7_post_config is completed.
19:42:17 INFO  : Processor reset is completed for ps7_cortexa9_0
19:44:27 INFO  : Processor reset is completed for ps7_cortexa9_0
19:45:00 INFO  : Connected to target on host '127.0.0.1' and port '3121'.
19:45:00 INFO  : 'targets -set -filter {jtag_cable_name =~ "Digilent Zed 210248469540" && level==0} -index 1' command is executed.
19:45:03 INFO  : FPGA configured successfully with bitstream "/home/jaffe5/Documents/classes/spring_2016/mpu_based_design/ZedBoardAudioEqualizer/ZedBoard_FreeRTOS_Audio_Loopback_V1_0_1/system_wrapper_hw_platform_0/system_wrapper.bit"
19:45:08 INFO  : ps7_init is completed.
19:45:08 INFO  : ps7_post_config is completed.
19:45:08 INFO  : Processor reset is completed for ps7_cortexa9_0
19:45:37 INFO  : ps7_cortexa9_0 Processor is in use. Please stop existing Run or Debug sessions before launching.
19:45:39 INFO  : Processor reset is completed for ps7_cortexa9_0
19:46:23 INFO  : ps7_cortexa9_0 Processor is in use. Please stop existing Run or Debug sessions before launching.
19:46:25 INFO  : Processor reset is completed for ps7_cortexa9_0
19:48:01 INFO  : Connected to target on host '127.0.0.1' and port '3121'.
19:48:08 INFO  : 'targets -set -filter {jtag_cable_name =~ "Digilent Zed 210248469540" && level==0} -index 1' command is executed.
19:48:10 INFO  : FPGA configured successfully with bitstream "/home/jaffe5/Documents/classes/spring_2016/mpu_based_design/ZedBoardAudioEqualizer/ZedBoard_FreeRTOS_Audio_Loopback_V1_0_1/system_wrapper_hw_platform_0/system_wrapper.bit"
19:48:14 INFO  : ps7_init is completed.
19:48:15 INFO  : ps7_post_config is completed.
19:48:15 INFO  : Processor reset is completed for ps7_cortexa9_0
19:49:21 ERROR : Unexpected error while parsing XMD response ￿: com.google.gson.JsonSyntaxException: com.google.gson.stream.MalformedJsonException: invalid number or unquoted string near 
19:50:22 INFO  : Launching XSDB server: xsdb -n /opt/xilinx/SDK/2015.4/scripts/xsdb/xsdb/xsdb-server.tcl
19:50:23 INFO  : XSDB server has started successfully.
19:51:04 INFO  : Processor reset is completed for ps7_cortexa9_0
19:54:37 INFO  : Processor reset is completed for ps7_cortexa9_0
19:55:09 INFO  : Connected to target on host '127.0.0.1' and port '3121'.
19:55:10 INFO  : 'targets -set -filter {jtag_cable_name =~ "Digilent Zed 210248469540" && level==0} -index 1' command is executed.
19:55:12 INFO  : FPGA configured successfully with bitstream "/home/jaffe5/Documents/classes/spring_2016/mpu_based_design/ZedBoardAudioEqualizer/ZedBoard_FreeRTOS_Audio_Loopback_V1_0_1/system_wrapper_hw_platform_0/system_wrapper.bit"
19:55:21 INFO  : ps7_init is completed.
19:55:21 INFO  : ps7_post_config is completed.
19:55:21 INFO  : Processor reset is completed for ps7_cortexa9_0
19:59:02 INFO  : Processor reset is completed for ps7_cortexa9_0
19:59:51 INFO  : Processor reset is completed for ps7_cortexa9_0
20:00:15 INFO  : Processor reset is completed for ps7_cortexa9_0
20:01:58 INFO  : Processor reset is completed for ps7_cortexa9_0
20:03:50 INFO  : Processor reset is completed for ps7_cortexa9_0
20:04:02 INFO  : Processor reset is completed for ps7_cortexa9_0
20:04:15 INFO  : Processor reset is completed for ps7_cortexa9_0
20:05:00 INFO  : Processor reset is completed for ps7_cortexa9_0
20:05:16 INFO  : Processor reset is completed for ps7_cortexa9_0
20:06:28 INFO  : Processor reset is completed for ps7_cortexa9_0
20:07:34 INFO  : Processor reset is completed for ps7_cortexa9_0
15:53:50 INFO  : Launching XSDB server: xsdb.bat C:/Xilinx/SDK/2015.4/scripts/xsdb/xsdb/xsdb-server.tcl
15:53:56 INFO  : XSDB server has started successfully.
16:18:05 INFO  : Connected to target on host '127.0.0.1' and port '3121'.
16:18:07 INFO  : 'targets -set -filter {jtag_cable_name =~ "Digilent Zed 210248707388" && level==0} -index 1' command is executed.
16:18:10 INFO  : FPGA configured successfully with bitstream "C:/opt/jaffe_lu/ZedBoardAudioEqualizer-master/ZedBoard_FreeRTOS_Audio_Loopback_V1_0_1/system_wrapper_hw_platform_0/system_wrapper.bit"
16:18:15 INFO  : ps7_init is completed.
16:18:15 INFO  : ps7_post_config is completed.
16:18:15 INFO  : Processor reset is completed for ps7_cortexa9_0
16:19:36 INFO  : Connected to target on host '127.0.0.1' and port '3121'.
16:19:36 INFO  : 'targets -set -filter {jtag_cable_name =~ "Digilent Zed 210248707388" && level==0} -index 1' command is executed.
16:19:39 INFO  : FPGA configured successfully with bitstream "C:/opt/jaffe_lu/ZedBoardAudioEqualizer-master/ZedBoard_FreeRTOS_Audio_Loopback_V1_0_1/system_wrapper_hw_platform_0/system_wrapper.bit"
16:19:45 INFO  : ps7_init is completed.
16:19:45 INFO  : ps7_post_config is completed.
16:19:45 INFO  : Processor reset is completed for ps7_cortexa9_0
16:20:17 INFO  : Time out for XMD transaction is 60000
If you want to increase the timeout value, goto Windows-> Preferences -> Xilinx SDK -> XMD Startup
16:20:17 ERROR : Timeout occured while waiting to get reply for command "xstop 64"
16:21:37 INFO  : Connected to target on host '127.0.0.1' and port '3121'.
16:21:37 INFO  : 'targets -set -filter {jtag_cable_name =~ "Digilent Zed 210248707388" && level==0} -index 1' command is executed.
16:21:40 INFO  : FPGA configured successfully with bitstream "C:/opt/jaffe_lu/ZedBoardAudioEqualizer-master/ZedBoard_FreeRTOS_Audio_Loopback_V1_0_1/system_wrapper_hw_platform_0/system_wrapper.bit"
16:22:15 INFO  : ps7_init is completed.
16:22:15 INFO  : ps7_post_config is completed.
16:22:15 INFO  : Processor reset is completed for ps7_cortexa9_0
16:23:28 INFO  : Processor reset is completed for ps7_cortexa9_0
16:23:31 ERROR : Unexpected error while launching program.
java.lang.RuntimeException: Failed to download ELF file


    Cannot flush JTAG buffers
    Error Address = 0x00150000, Size = 0x00000004


	at com.xilinx.sdk.targetmanager.internal.TM.downloadELF(TM.java:686)
	at com.xilinx.sdk.debug.core.internal.AppRunner.run(AppRunner.java:129)
	at com.xilinx.sdk.debug.core.XilinxAppLaunchConfigurationDelegate.runApplication(XilinxAppLaunchConfigurationDelegate.java:637)
	at com.xilinx.sdk.debug.core.XilinxAppLaunchConfigurationDelegate.launch(XilinxAppLaunchConfigurationDelegate.java:309)
	at com.xilinx.sdk.debug.ui.XilinxAppLaunchDelegateWrapper.launch(XilinxAppLaunchDelegateWrapper.java:31)
	at org.eclipse.debug.internal.core.LaunchConfiguration.launch(LaunchConfiguration.java:858)
	at org.eclipse.debug.internal.core.LaunchConfiguration.launch(LaunchConfiguration.java:707)
	at org.eclipse.debug.internal.ui.DebugUIPlugin.buildAndLaunch(DebugUIPlugin.java:1018)
	at org.eclipse.debug.internal.ui.DebugUIPlugin$8.run(DebugUIPlugin.java:1222)
	at org.eclipse.core.internal.jobs.Worker.run(Worker.java:53)
16:23:42 INFO  : Connected to target on host '127.0.0.1' and port '3121'.
16:23:42 INFO  : 'targets -set -filter {jtag_cable_name =~ "Digilent Zed 210248707388" && level==0} -index 1' command is executed.
16:23:45 INFO  : FPGA configured successfully with bitstream "C:/opt/jaffe_lu/ZedBoardAudioEqualizer-master/ZedBoard_FreeRTOS_Audio_Loopback_V1_0_1/system_wrapper_hw_platform_0/system_wrapper.bit"
16:24:02 ERROR : Unexpected error while parsing XMD response ?: com.google.gson.JsonSyntaxException: com.google.gson.stream.MalformedJsonException: invalid number or unquoted string near 
16:24:15 INFO  : Launching XSDB server: xsdb.bat C:/Xilinx/SDK/2015.4/scripts/xsdb/xsdb/xsdb-server.tcl
16:24:16 INFO  : XSDB server has started successfully.
16:24:31 INFO  : Connected to target on host '127.0.0.1' and port '3121'.
16:24:31 INFO  : 'targets -set -filter {jtag_cable_name =~ "Digilent Zed 210248707388" && level==0} -index 1' command is executed.
16:24:34 INFO  : FPGA configured successfully with bitstream "C:/opt/jaffe_lu/ZedBoardAudioEqualizer-master/ZedBoard_FreeRTOS_Audio_Loopback_V1_0_1/system_wrapper_hw_platform_0/system_wrapper.bit"
16:24:51 INFO  : ps7_init is completed.
16:24:51 INFO  : ps7_post_config is completed.
16:24:51 INFO  : Processor reset is completed for ps7_cortexa9_0
16:29:13 INFO  : Connected to target on host '127.0.0.1' and port '3121'.
16:29:13 INFO  : 'targets -set -filter {jtag_cable_name =~ "Digilent Zed 210248707388" && level==0} -index 1' command is executed.
16:29:16 INFO  : FPGA configured successfully with bitstream "C:/opt/jaffe_lu/ZedBoardAudioEqualizer-master/ZedBoard_FreeRTOS_Audio_Loopback_V1_0_1/system_wrapper_hw_platform_0/system_wrapper.bit"
16:29:27 INFO  : ps7_init is completed.
16:29:27 INFO  : ps7_post_config is completed.
16:29:27 INFO  : Processor reset is completed for ps7_cortexa9_0
16:36:09 INFO  : Processor reset is completed for ps7_cortexa9_0
16:37:19 INFO  : Processor reset is completed for ps7_cortexa9_0
16:38:19 INFO  : Processor reset is completed for ps7_cortexa9_0
16:39:05 INFO  : Processor reset is completed for ps7_cortexa9_0
17:11:41 INFO  : Connected to target on host '127.0.0.1' and port '3121'.
17:11:42 INFO  : 'targets -set -filter {jtag_cable_name =~ "Digilent Zed 210248707388" && level==0} -index 1' command is executed.
17:11:44 INFO  : FPGA configured successfully with bitstream "C:/opt/jaffe_lu/ZedBoardAudioEqualizer-master/ZedBoard_FreeRTOS_Audio_Loopback_V1_0_1/system_wrapper_hw_platform_0/system_wrapper.bit"
17:12:09 INFO  : ps7_init is completed.
17:12:09 INFO  : ps7_post_config is completed.
17:12:09 INFO  : Processor reset is completed for ps7_cortexa9_0
17:15:48 INFO  : Connected to target on host '127.0.0.1' and port '3121'.
17:15:48 INFO  : 'targets -set -filter {jtag_cable_name =~ "Digilent Zed 210248707388" && level==0} -index 1' command is executed.
17:15:51 INFO  : FPGA configured successfully with bitstream "C:/opt/jaffe_lu/ZedBoardAudioEqualizer-master/ZedBoard_FreeRTOS_Audio_Loopback_V1_0_1/system_wrapper_hw_platform_0/system_wrapper.bit"
17:15:56 INFO  : ps7_init is completed.
17:15:56 INFO  : ps7_post_config is completed.
17:15:56 INFO  : Processor reset is completed for ps7_cortexa9_0
17:16:44 ERROR : Unexpected error while launching program.
java.lang.RuntimeException: Error in Resetting Target

    Could not stop the processor after reset


	at com.xilinx.sdk.targetmanager.internal.TM.doProcessorReset(TM.java:1011)
	at com.xilinx.sdk.debug.core.XilinxAppLaunchConfigurationDelegate.runTargetSetup(XilinxAppLaunchConfigurationDelegate.java:534)
	at com.xilinx.sdk.debug.core.XilinxAppLaunchConfigurationDelegate.runApplication(XilinxAppLaunchConfigurationDelegate.java:616)
	at com.xilinx.sdk.debug.core.XilinxAppLaunchConfigurationDelegate.launch(XilinxAppLaunchConfigurationDelegate.java:309)
	at com.xilinx.sdk.debug.ui.XilinxAppLaunchDelegateWrapper.launch(XilinxAppLaunchDelegateWrapper.java:31)
	at org.eclipse.debug.internal.core.LaunchConfiguration.launch(LaunchConfiguration.java:858)
	at org.eclipse.debug.internal.core.LaunchConfiguration.launch(LaunchConfiguration.java:707)
	at org.eclipse.debug.internal.ui.DebugUIPlugin.buildAndLaunch(DebugUIPlugin.java:1018)
	at org.eclipse.debug.internal.ui.DebugUIPlugin$8.run(DebugUIPlugin.java:1222)
	at org.eclipse.core.internal.jobs.Worker.run(Worker.java:53)
17:16:59 INFO  : Connected to target on host '127.0.0.1' and port '3121'.
17:16:59 INFO  : 'targets -set -filter {jtag_cable_name =~ "Digilent Zed 210248707388" && level==0} -index 1' command is executed.
17:17:01 INFO  : FPGA configured successfully with bitstream "C:/opt/jaffe_lu/ZedBoardAudioEqualizer-master/ZedBoard_FreeRTOS_Audio_Loopback_V1_0_1/system_wrapper_hw_platform_0/system_wrapper.bit"
17:17:07 INFO  : ps7_init is completed.
17:17:07 INFO  : ps7_post_config is completed.
17:17:07 INFO  : Processor reset is completed for ps7_cortexa9_0
17:19:29 INFO  : Connected to target on host '127.0.0.1' and port '3121'.
17:19:29 INFO  : 'targets -set -filter {jtag_cable_name =~ "Digilent Zed 210248707388" && level==0} -index 1' command is executed.
17:19:32 INFO  : FPGA configured successfully with bitstream "C:/opt/jaffe_lu/ZedBoardAudioEqualizer-master/ZedBoard_FreeRTOS_Audio_Loopback_V1_0_1/system_wrapper_hw_platform_0/system_wrapper.bit"
17:19:36 INFO  : ps7_init is completed.
17:19:36 INFO  : ps7_post_config is completed.
17:19:36 INFO  : Processor reset is completed for ps7_cortexa9_0
17:20:25 INFO  : Connected to target on host '127.0.0.1' and port '3121'.
17:20:25 INFO  : 'targets -set -filter {jtag_cable_name =~ "Digilent Zed 210248707388" && level==0} -index 1' command is executed.
17:20:27 INFO  : FPGA configured successfully with bitstream "C:/opt/jaffe_lu/ZedBoardAudioEqualizer-master/ZedBoard_FreeRTOS_Audio_Loopback_V1_0_1/system_wrapper_hw_platform_0/system_wrapper.bit"
17:20:37 INFO  : ps7_init is completed.
17:20:37 INFO  : ps7_post_config is completed.
17:20:38 INFO  : Processor reset is completed for ps7_cortexa9_0
17:24:49 INFO  : ps7_cortexa9_0 Processor is in use. Please stop existing Run or Debug sessions before launching.
17:24:56 ERROR : Unexpected error while launching program.
java.lang.RuntimeException: Error in Resetting Target

    Could not stop the processor after reset


	at com.xilinx.sdk.targetmanager.internal.TM.doProcessorReset(TM.java:1011)
	at com.xilinx.sdk.debug.core.XilinxAppLaunchConfigurationDelegate.runTargetSetup(XilinxAppLaunchConfigurationDelegate.java:534)
	at com.xilinx.sdk.debug.core.XilinxAppLaunchConfigurationDelegate.runApplication(XilinxAppLaunchConfigurationDelegate.java:616)
	at com.xilinx.sdk.debug.core.XilinxAppLaunchConfigurationDelegate.launch(XilinxAppLaunchConfigurationDelegate.java:309)
	at com.xilinx.sdk.debug.ui.XilinxAppLaunchDelegateWrapper.launch(XilinxAppLaunchDelegateWrapper.java:31)
	at org.eclipse.debug.internal.core.LaunchConfiguration.launch(LaunchConfiguration.java:858)
	at org.eclipse.debug.internal.core.LaunchConfiguration.launch(LaunchConfiguration.java:707)
	at org.eclipse.debug.internal.ui.DebugUIPlugin.buildAndLaunch(DebugUIPlugin.java:1018)
	at org.eclipse.debug.internal.ui.DebugUIPlugin$8.run(DebugUIPlugin.java:1222)
	at org.eclipse.core.internal.jobs.Worker.run(Worker.java:53)
17:25:01 ERROR : Unexpected error while parsing XMD response ?: com.google.gson.JsonSyntaxException: com.google.gson.stream.MalformedJsonException: invalid number or unquoted string near 
17:25:12 INFO  : Launching XSDB server: xsdb.bat C:/Xilinx/SDK/2015.4/scripts/xsdb/xsdb/xsdb-server.tcl
17:25:13 INFO  : XSDB server has started successfully.
17:25:16 INFO  : Connected to target on host '127.0.0.1' and port '3121'.
17:25:17 INFO  : 'targets -set -filter {jtag_cable_name =~ "Digilent Zed 210248707388" && level==0} -index 1' command is executed.
17:25:19 INFO  : FPGA configured successfully with bitstream "C:/opt/jaffe_lu/ZedBoardAudioEqualizer-master/ZedBoard_FreeRTOS_Audio_Loopback_V1_0_1/system_wrapper_hw_platform_0/system_wrapper.bit"
17:25:30 INFO  : ps7_init is completed.
17:25:30 INFO  : ps7_post_config is completed.
17:25:31 INFO  : Processor reset is completed for ps7_cortexa9_0
17:26:53 INFO  : Connected to target on host '127.0.0.1' and port '3121'.
17:26:54 INFO  : 'targets -set -filter {jtag_cable_name =~ "Digilent Zed 210248707388" && level==0} -index 1' command is executed.
17:26:56 INFO  : FPGA configured successfully with bitstream "C:/opt/jaffe_lu/ZedBoardAudioEqualizer-master/ZedBoard_FreeRTOS_Audio_Loopback_V1_0_1/system_wrapper_hw_platform_0/system_wrapper.bit"
17:27:00 INFO  : ps7_init is completed.
17:27:00 INFO  : ps7_post_config is completed.
17:27:01 INFO  : Processor reset is completed for ps7_cortexa9_0
17:27:46 INFO  : Connected to target on host '127.0.0.1' and port '3121'.
17:27:46 INFO  : 'targets -set -filter {jtag_cable_name =~ "Digilent Zed 210248707388" && level==0} -index 1' command is executed.
17:27:49 INFO  : FPGA configured successfully with bitstream "C:/opt/jaffe_lu/ZedBoardAudioEqualizer-master/ZedBoard_FreeRTOS_Audio_Loopback_V1_0_1/system_wrapper_hw_platform_0/system_wrapper.bit"
17:27:53 INFO  : ps7_init is completed.
17:27:53 INFO  : ps7_post_config is completed.
17:27:53 INFO  : Processor reset is completed for ps7_cortexa9_0
17:29:13 INFO  : Connected to target on host '127.0.0.1' and port '3121'.
17:29:13 INFO  : 'targets -set -filter {jtag_cable_name =~ "Digilent Zed 210248707388" && level==0} -index 1' command is executed.
17:29:15 INFO  : FPGA configured successfully with bitstream "C:/opt/jaffe_lu/ZedBoardAudioEqualizer-master/ZedBoard_FreeRTOS_Audio_Loopback_V1_0_1/system_wrapper_hw_platform_0/system_wrapper.bit"
17:29:23 INFO  : ps7_init is completed.
17:29:23 INFO  : ps7_post_config is completed.
17:29:23 INFO  : Processor reset is completed for ps7_cortexa9_0
17:31:08 INFO  : Connected to target on host '127.0.0.1' and port '3121'.
17:31:09 INFO  : 'targets -set -filter {jtag_cable_name =~ "Digilent Zed 210248707388" && level==0} -index 1' command is executed.
17:31:11 INFO  : FPGA configured successfully with bitstream "C:/opt/jaffe_lu/ZedBoardAudioEqualizer-master/ZedBoard_FreeRTOS_Audio_Loopback_V1_0_1/system_wrapper_hw_platform_0/system_wrapper.bit"
17:31:17 INFO  : ps7_init is completed.
17:31:17 INFO  : ps7_post_config is completed.
17:31:17 INFO  : Processor reset is completed for ps7_cortexa9_0
17:31:31 INFO  : ps7_cortexa9_0 Processor is in use. Please stop existing Run or Debug sessions before launching.
17:31:36 ERROR : Unexpected error while launching program.
java.lang.RuntimeException: Error in Resetting Target

    Could not stop the processor after reset


	at com.xilinx.sdk.targetmanager.internal.TM.doProcessorReset(TM.java:1011)
	at com.xilinx.sdk.debug.core.XilinxAppLaunchConfigurationDelegate.runTargetSetup(XilinxAppLaunchConfigurationDelegate.java:534)
	at com.xilinx.sdk.debug.core.XilinxAppLaunchConfigurationDelegate.debugApplication(XilinxAppLaunchConfigurationDelegate.java:701)
	at com.xilinx.sdk.debug.core.XilinxAppLaunchConfigurationDelegate.launch(XilinxAppLaunchConfigurationDelegate.java:311)
	at com.xilinx.sdk.debug.ui.XilinxAppLaunchDelegateWrapper.launch(XilinxAppLaunchDelegateWrapper.java:31)
	at org.eclipse.debug.internal.core.LaunchConfiguration.launch(LaunchConfiguration.java:858)
	at org.eclipse.debug.internal.core.LaunchConfiguration.launch(LaunchConfiguration.java:707)
	at org.eclipse.debug.internal.ui.DebugUIPlugin.buildAndLaunch(DebugUIPlugin.java:1018)
	at org.eclipse.debug.internal.ui.DebugUIPlugin$8.run(DebugUIPlugin.java:1222)
	at org.eclipse.core.internal.jobs.Worker.run(Worker.java:53)
17:31:42 INFO  : Connected to target on host '127.0.0.1' and port '3121'.
17:31:43 INFO  : 'targets -set -filter {jtag_cable_name =~ "Digilent Zed 210248707388" && level==0} -index 1' command is executed.
17:31:45 INFO  : FPGA configured successfully with bitstream "C:/opt/jaffe_lu/ZedBoardAudioEqualizer-master/ZedBoard_FreeRTOS_Audio_Loopback_V1_0_1/system_wrapper_hw_platform_0/system_wrapper.bit"
17:31:52 INFO  : ps7_init is completed.
17:31:52 INFO  : ps7_post_config is completed.
17:31:52 INFO  : Processor reset is completed for ps7_cortexa9_0
17:35:09 INFO  : Connected to target on host '127.0.0.1' and port '3121'.
17:35:09 INFO  : 'targets -set -filter {jtag_cable_name =~ "Digilent Zed 210248707388" && level==0} -index 1' command is executed.
17:35:12 INFO  : FPGA configured successfully with bitstream "C:/opt/jaffe_lu/ZedBoardAudioEqualizer-master/ZedBoard_FreeRTOS_Audio_Loopback_V1_0_1/system_wrapper_hw_platform_0/system_wrapper.bit"
17:35:18 INFO  : ps7_init is completed.
17:35:18 INFO  : ps7_post_config is completed.
17:35:18 INFO  : Processor reset is completed for ps7_cortexa9_0
17:36:01 INFO  : Connected to target on host '127.0.0.1' and port '3121'.
17:36:02 INFO  : 'targets -set -filter {jtag_cable_name =~ "Digilent Zed 210248707388" && level==0} -index 1' command is executed.
17:36:04 INFO  : FPGA configured successfully with bitstream "C:/opt/jaffe_lu/ZedBoardAudioEqualizer-master/ZedBoard_FreeRTOS_Audio_Loopback_V1_0_1/system_wrapper_hw_platform_0/system_wrapper.bit"
17:36:10 INFO  : ps7_init is completed.
17:36:10 INFO  : ps7_post_config is completed.
17:36:10 INFO  : Processor reset is completed for ps7_cortexa9_0
17:42:12 ERROR : Unexpected error while parsing XMD response ?: com.google.gson.JsonSyntaxException: com.google.gson.stream.MalformedJsonException: invalid number or unquoted string near 
14:14:22 INFO  : Launching XSDB server: xsdb.bat C:/Xilinx/SDK/2015.4/scripts/xsdb/xsdb/xsdb-server.tcl
14:14:23 INFO  : XSDB server has started successfully.
14:15:29 INFO  : Connected to target on host '127.0.0.1' and port '3121'.
14:15:29 INFO  : 'targets -set -filter {jtag_cable_name =~ "Digilent Zed 210248707388" && level==0} -index 1' command is executed.
14:15:32 INFO  : FPGA configured successfully with bitstream "C:/opt/jaffe_lu/ZedBoardAudioEqualizer-master/ZedBoard_FreeRTOS_Audio_Loopback_V1_0_1/system_wrapper_hw_platform_0/system_wrapper.bit"
14:16:12 INFO  : ps7_init is completed.
14:16:12 INFO  : ps7_post_config is completed.
14:16:12 INFO  : Processor reset is completed for ps7_cortexa9_0
14:22:07 INFO  : Processor reset is completed for ps7_cortexa9_0
14:24:11 INFO  : Processor reset is completed for ps7_cortexa9_0
14:26:32 INFO  : Processor reset is completed for ps7_cortexa9_0
14:27:56 INFO  : Processor reset is completed for ps7_cortexa9_0
14:28:31 INFO  : Connected to target on host '127.0.0.1' and port '3121'.
14:28:31 INFO  : 'targets -set -filter {jtag_cable_name =~ "Digilent Zed 210248707388" && level==0} -index 1' command is executed.
14:28:34 INFO  : FPGA configured successfully with bitstream "C:/opt/jaffe_lu/ZedBoardAudioEqualizer-master/ZedBoard_FreeRTOS_Audio_Loopback_V1_0_1/system_wrapper_hw_platform_0/system_wrapper.bit"
14:42:26 INFO  : Launching XSDB server: xsdb.bat C:/Xilinx/SDK/2015.4/scripts/xsdb/xsdb/xsdb-server.tcl
14:42:27 INFO  : XSDB server has started successfully.
14:42:38 INFO  : Connected to target on host '127.0.0.1' and port '3121'.
14:42:43 INFO  : 'targets -set -filter {jtag_cable_name =~ "Digilent Zed 210248707388" && level==0} -index 1' command is executed.
14:42:45 INFO  : FPGA configured successfully with bitstream "C:/opt/jaffe_lu/ZedBoardAudioEqualizer/ZedBoard_FreeRTOS_Audio_Loopback_V1_0_1/system_wrapper_hw_platform_0/system_wrapper.bit"
14:42:53 INFO  : ps7_init is completed.
14:42:53 INFO  : ps7_post_config is completed.
14:42:54 INFO  : Processor reset is completed for ps7_cortexa9_0
14:45:29 INFO  : Processor reset is completed for ps7_cortexa9_0
14:55:48 INFO  : ps7_cortexa9_0 Processor is in use. Please stop existing Run or Debug sessions before launching.
14:55:54 ERROR : Unexpected error while launching program.
java.lang.RuntimeException: Error in Resetting Target

    Could not stop the processor after reset


	at com.xilinx.sdk.targetmanager.internal.TM.doProcessorReset(TM.java:1011)
	at com.xilinx.sdk.debug.core.XilinxAppLaunchConfigurationDelegate.runTargetSetup(XilinxAppLaunchConfigurationDelegate.java:534)
	at com.xilinx.sdk.debug.core.XilinxAppLaunchConfigurationDelegate.runApplication(XilinxAppLaunchConfigurationDelegate.java:616)
	at com.xilinx.sdk.debug.core.XilinxAppLaunchConfigurationDelegate.launch(XilinxAppLaunchConfigurationDelegate.java:309)
	at com.xilinx.sdk.debug.ui.XilinxAppLaunchDelegateWrapper.launch(XilinxAppLaunchDelegateWrapper.java:31)
	at org.eclipse.debug.internal.core.LaunchConfiguration.launch(LaunchConfiguration.java:858)
	at org.eclipse.debug.internal.core.LaunchConfiguration.launch(LaunchConfiguration.java:707)
	at org.eclipse.debug.internal.ui.DebugUIPlugin.buildAndLaunch(DebugUIPlugin.java:1018)
	at org.eclipse.debug.internal.ui.DebugUIPlugin$8.run(DebugUIPlugin.java:1222)
	at org.eclipse.core.internal.jobs.Worker.run(Worker.java:53)
14:56:08 INFO  : Connected to target on host '127.0.0.1' and port '3121'.
14:56:08 INFO  : 'targets -set -filter {jtag_cable_name =~ "Digilent Zed 210248707388" && level==0} -index 1' command is executed.
14:56:10 INFO  : FPGA configured successfully with bitstream "C:/opt/jaffe_lu/ZedBoardAudioEqualizer/ZedBoard_FreeRTOS_Audio_Loopback_V1_0_1/system_wrapper_hw_platform_0/system_wrapper.bit"
14:56:20 INFO  : ps7_init is completed.
14:56:20 INFO  : ps7_post_config is completed.
14:56:20 INFO  : Processor reset is completed for ps7_cortexa9_0
15:00:15 INFO  : Processor reset is completed for ps7_cortexa9_0
15:01:43 INFO  : Processor reset is completed for ps7_cortexa9_0
15:02:15 INFO  : Processor reset is completed for ps7_cortexa9_0
15:02:48 INFO  : Processor reset is completed for ps7_cortexa9_0
15:04:14 INFO  : Processor reset is completed for ps7_cortexa9_0
15:04:40 INFO  : Connected to target on host '127.0.0.1' and port '3121'.
15:04:41 INFO  : 'targets -set -filter {jtag_cable_name =~ "Digilent Zed 210248707388" && level==0} -index 1' command is executed.
15:04:43 INFO  : FPGA configured successfully with bitstream "C:/opt/jaffe_lu/ZedBoardAudioEqualizer/ZedBoard_FreeRTOS_Audio_Loopback_V1_0_1/system_wrapper_hw_platform_0/system_wrapper.bit"
15:04:54 INFO  : ps7_init is completed.
15:04:54 INFO  : ps7_post_config is completed.
15:04:54 INFO  : Processor reset is completed for ps7_cortexa9_0
15:05:22 INFO  : Processor reset is completed for ps7_cortexa9_0
15:09:59 INFO  : Processor reset is completed for ps7_cortexa9_0
15:17:29 INFO  : Processor reset is completed for ps7_cortexa9_0
15:18:27 INFO  : Processor reset is completed for ps7_cortexa9_0
15:18:47 INFO  : Processor reset is completed for ps7_cortexa9_0
15:20:04 INFO  : Processor reset is completed for ps7_cortexa9_0
15:22:50 INFO  : Processor reset is completed for ps7_cortexa9_0
15:23:35 INFO  : Processor reset is completed for ps7_cortexa9_0
15:25:05 INFO  : Processor reset is completed for ps7_cortexa9_0
15:25:51 INFO  : Processor reset is completed for ps7_cortexa9_0
15:26:12 INFO  : Connected to target on host '127.0.0.1' and port '3121'.
15:26:12 INFO  : 'targets -set -filter {jtag_cable_name =~ "Digilent Zed 210248707388" && level==0} -index 1' command is executed.
15:26:14 INFO  : FPGA configured successfully with bitstream "C:/opt/jaffe_lu/ZedBoardAudioEqualizer/ZedBoard_FreeRTOS_Audio_Loopback_V1_0_1/system_wrapper_hw_platform_0/system_wrapper.bit"
15:26:20 INFO  : ps7_init is completed.
15:26:20 INFO  : ps7_post_config is completed.
15:26:20 INFO  : Processor reset is completed for ps7_cortexa9_0
15:27:02 INFO  : Processor reset is completed for ps7_cortexa9_0
15:27:52 INFO  : Connected to target on host '127.0.0.1' and port '3121'.
15:27:52 INFO  : 'targets -set -filter {jtag_cable_name =~ "Digilent Zed 210248707388" && level==0} -index 1' command is executed.
15:27:55 INFO  : FPGA configured successfully with bitstream "C:/opt/jaffe_lu/ZedBoardAudioEqualizer/ZedBoard_FreeRTOS_Audio_Loopback_V1_0_1/system_wrapper_hw_platform_0/system_wrapper.bit"
15:28:18 INFO  : Connected to target on host '127.0.0.1' and port '3121'.
15:28:18 INFO  : 'targets -set -filter {jtag_cable_name =~ "Digilent Zed 210248707388" && level==0} -index 1' command is executed.
15:28:21 INFO  : FPGA configured successfully with bitstream "C:/opt/jaffe_lu/ZedBoardAudioEqualizer/ZedBoard_FreeRTOS_Audio_Loopback_V1_0_1/system_wrapper_hw_platform_0/system_wrapper.bit"
15:28:31 INFO  : ps7_init is completed.
15:28:31 INFO  : ps7_post_config is completed.
15:28:32 INFO  : Processor reset is completed for ps7_cortexa9_0
15:34:33 INFO  : Processor reset is completed for ps7_cortexa9_0
15:41:38 INFO  : Processor reset is completed for ps7_cortexa9_0
15:42:25 INFO  : Processor reset is completed for ps7_cortexa9_0
15:43:38 INFO  : Processor reset is completed for ps7_cortexa9_0
15:45:19 INFO  : ps7_cortexa9_0 Processor is in use. Please stop existing Run or Debug sessions before launching.
15:45:23 INFO  : Processor reset is completed for ps7_cortexa9_0
15:46:27 INFO  : Processor reset is completed for ps7_cortexa9_0
15:46:49 INFO  : ps7_cortexa9_0 Processor is in use. Please stop existing Run or Debug sessions before launching.
15:46:50 INFO  : Processor reset is completed for ps7_cortexa9_0
15:47:20 INFO  : ps7_cortexa9_0 Processor is in use. Please stop existing Run or Debug sessions before launching.
15:47:24 INFO  : Processor reset is completed for ps7_cortexa9_0
15:48:27 INFO  : Connected to target on host '127.0.0.1' and port '3121'.
15:48:28 INFO  : 'targets -set -filter {jtag_cable_name =~ "Digilent Zed 210248707388" && level==0} -index 1' command is executed.
15:48:30 INFO  : FPGA configured successfully with bitstream "C:/opt/jaffe_lu/ZedBoardAudioEqualizer/ZedBoard_FreeRTOS_Audio_Loopback_V1_0_1/system_wrapper_hw_platform_0/system_wrapper.bit"
15:48:39 INFO  : ps7_init is completed.
15:48:39 INFO  : ps7_post_config is completed.
15:48:40 INFO  : Processor reset is completed for ps7_cortexa9_0
15:53:51 INFO  : ps7_cortexa9_0 Processor is in use. Please stop existing Run or Debug sessions before launching.
15:53:54 INFO  : Processor reset is completed for ps7_cortexa9_0
15:54:27 INFO  : Processor reset is completed for ps7_cortexa9_0
15:55:25 INFO  : Processor reset is completed for ps7_cortexa9_0
15:58:38 INFO  : Processor reset is completed for ps7_cortexa9_0
16:05:42 INFO  : Processor reset is completed for ps7_cortexa9_0
16:08:11 INFO  : ps7_cortexa9_0 Processor is in use. Please stop existing Run or Debug sessions before launching.
16:08:13 INFO  : Processor reset is completed for ps7_cortexa9_0
16:08:55 INFO  : ps7_cortexa9_0 Processor is in use. Please stop existing Run or Debug sessions before launching.
16:08:58 INFO  : Processor reset is completed for ps7_cortexa9_0
16:11:45 INFO  : ps7_cortexa9_0 Processor is in use. Please stop existing Run or Debug sessions before launching.
16:11:47 INFO  : Processor reset is completed for ps7_cortexa9_0
18:00:12 INFO  : ps7_cortexa9_0 Processor is in use. Please stop existing Run or Debug sessions before launching.
18:00:14 INFO  : Processor reset is completed for ps7_cortexa9_0
18:01:04 INFO  : Processor reset is completed for ps7_cortexa9_0
18:01:32 INFO  : Processor reset is completed for ps7_cortexa9_0
18:02:33 INFO  : Processor reset is completed for ps7_cortexa9_0
18:04:17 INFO  : Processor reset is completed for ps7_cortexa9_0
18:06:22 INFO  : Processor reset is completed for ps7_cortexa9_0
18:09:11 ERROR : Unexpected error while parsing XMD response ?: com.google.gson.JsonSyntaxException: com.google.gson.stream.MalformedJsonException: invalid number or unquoted string near 
12:49:15 INFO  : Launching XSDB server: xsdb.bat -interactive C:\Users\Lucas\Documents\GitHub\ZedBoardAudioEqualizer\ZedBoard_FreeRTOS_Audio_Loopback_V1_0_1\temp_xsdb_launch_script.tcl
12:49:18 INFO  : XSDB server has started successfully.
12:50:08 INFO  : Connected to target on host '127.0.0.1' and port '3121'.
12:50:08 INFO  : 'targets -set -filter {jtag_cable_name =~ "Digilent Zed 210248469540" && level==0} -index 1' command is executed.
12:50:11 INFO  : FPGA configured successfully with bitstream "C:/Users/Lucas/Documents/GitHub/ZedBoardAudioEqualizer/ZedBoard_FreeRTOS_Audio_Loopback_V1_0_1/system_wrapper_hw_platform_0/system_wrapper.bit"
12:50:46 INFO  : ps7_init is completed.
12:50:46 INFO  : ps7_post_config is completed.
12:50:46 INFO  : Processor reset is completed for ps7_cortexa9_0
12:50:46 ERROR : No such port: COM4
12:57:27 INFO  : Processor reset is completed for ps7_cortexa9_0
12:57:27 ERROR : Unexpected error while opening JTAG UART: 
java.lang.RuntimeException: Error while opening JTAG UART server: MDM Uart NOT Present in the System
Could not detect MDM peripheral on hardware. Please check:
    1. If FPGA is configured correctly
    2. MDM Core is instantiated in the design
    3. If the correct FPGA is referred, in case of multiple FPGAs
    4. If the correct MDM is referred, in case of a multiple MDM system
    

	at com.xilinx.sdk.targetmanager.internal.TM.startJTAGUARTServer(TM.java:951)
	at com.xilinx.sdk.debug.core.internal.comm.JTAGUARTStreamsProxy.<init>(JTAGUARTStreamsProxy.java:32)
	at com.xilinx.sdk.debug.core.internal.RemoteProcess.createStreamsProxy(RemoteProcess.java:164)
	at com.xilinx.sdk.debug.core.internal.RemoteProcess.<init>(RemoteProcess.java:65)
	at com.xilinx.sdk.debug.core.internal.AppRunner.run(AppRunner.java:91)
	at com.xilinx.sdk.debug.core.XilinxAppLaunchConfigurationDelegate.runApplication(XilinxAppLaunchConfigurationDelegate.java:637)
	at com.xilinx.sdk.debug.core.XilinxAppLaunchConfigurationDelegate.launch(XilinxAppLaunchConfigurationDelegate.java:309)
	at com.xilinx.sdk.debug.ui.XilinxAppLaunchDelegateWrapper.launch(XilinxAppLaunchDelegateWrapper.java:31)
	at org.eclipse.debug.internal.core.LaunchConfiguration.launch(LaunchConfiguration.java:885)
	at org.eclipse.debug.internal.core.LaunchConfiguration.launch(LaunchConfiguration.java:739)
	at org.eclipse.debug.internal.ui.DebugUIPlugin.buildAndLaunch(DebugUIPlugin.java:1039)
	at org.eclipse.debug.internal.ui.DebugUIPlugin$8.run(DebugUIPlugin.java:1256)
	at org.eclipse.core.internal.jobs.Worker.run(Worker.java:55)
12:58:32 INFO  : ps7_cortexa9_0 Processor is in use. Please stop existing Run or Debug sessions before launching.
12:58:34 INFO  : Processor reset is completed for ps7_cortexa9_0
12:58:34 ERROR : Unexpected error while opening JTAG UART: 
java.lang.RuntimeException: Error while opening JTAG UART server: MDM Uart NOT Present in the System
Could not detect MDM peripheral on hardware. Please check:
    1. If FPGA is configured correctly
    2. MDM Core is instantiated in the design
    3. If the correct FPGA is referred, in case of multiple FPGAs
    4. If the correct MDM is referred, in case of a multiple MDM system
    

	at com.xilinx.sdk.targetmanager.internal.TM.startJTAGUARTServer(TM.java:951)
	at com.xilinx.sdk.debug.core.internal.comm.JTAGUARTStreamsProxy.<init>(JTAGUARTStreamsProxy.java:32)
	at com.xilinx.sdk.debug.core.internal.RemoteProcess.createStreamsProxy(RemoteProcess.java:164)
	at com.xilinx.sdk.debug.core.internal.RemoteProcess.<init>(RemoteProcess.java:65)
	at com.xilinx.sdk.debug.core.internal.AppRunner.run(AppRunner.java:91)
	at com.xilinx.sdk.debug.core.XilinxAppLaunchConfigurationDelegate.runApplication(XilinxAppLaunchConfigurationDelegate.java:637)
	at com.xilinx.sdk.debug.core.XilinxAppLaunchConfigurationDelegate.launch(XilinxAppLaunchConfigurationDelegate.java:309)
	at com.xilinx.sdk.debug.ui.XilinxAppLaunchDelegateWrapper.launch(XilinxAppLaunchDelegateWrapper.java:31)
	at org.eclipse.debug.internal.core.LaunchConfiguration.launch(LaunchConfiguration.java:885)
	at org.eclipse.debug.internal.core.LaunchConfiguration.launch(LaunchConfiguration.java:739)
	at org.eclipse.debug.internal.ui.DebugUIPlugin.buildAndLaunch(DebugUIPlugin.java:1039)
	at org.eclipse.debug.internal.ui.DebugUIPlugin$8.run(DebugUIPlugin.java:1256)
	at org.eclipse.core.internal.jobs.Worker.run(Worker.java:55)
13:00:25 INFO  : Connected to target on host '127.0.0.1' and port '3121'.
13:00:25 INFO  : 'targets -set -filter {jtag_cable_name =~ "Digilent Zed 210248469540" && level==0} -index 1' command is executed.
13:00:28 INFO  : FPGA configured successfully with bitstream "C:/Users/Lucas/Documents/GitHub/ZedBoardAudioEqualizer/ZedBoard_FreeRTOS_Audio_Loopback_V1_0_1/system_wrapper_hw_platform_0/system_wrapper.bit"
13:00:34 INFO  : ps7_init is completed.
13:00:34 INFO  : ps7_post_config is completed.
13:00:34 INFO  : Processor reset is completed for ps7_cortexa9_0
13:00:35 ERROR : Unexpected error while opening JTAG UART: 
java.lang.RuntimeException: Error while opening JTAG UART server: MDM Uart NOT Present in the System
Could not detect MDM peripheral on hardware. Please check:
    1. If FPGA is configured correctly
    2. MDM Core is instantiated in the design
    3. If the correct FPGA is referred, in case of multiple FPGAs
    4. If the correct MDM is referred, in case of a multiple MDM system
    

	at com.xilinx.sdk.targetmanager.internal.TM.startJTAGUARTServer(TM.java:951)
	at com.xilinx.sdk.debug.core.internal.comm.JTAGUARTStreamsProxy.<init>(JTAGUARTStreamsProxy.java:32)
	at com.xilinx.sdk.debug.core.internal.RemoteProcess.createStreamsProxy(RemoteProcess.java:164)
	at com.xilinx.sdk.debug.core.internal.RemoteProcess.<init>(RemoteProcess.java:65)
	at com.xilinx.sdk.debug.core.internal.AppRunner.run(AppRunner.java:91)
	at com.xilinx.sdk.debug.core.XilinxAppLaunchConfigurationDelegate.runApplication(XilinxAppLaunchConfigurationDelegate.java:637)
	at com.xilinx.sdk.debug.core.XilinxAppLaunchConfigurationDelegate.launch(XilinxAppLaunchConfigurationDelegate.java:309)
	at com.xilinx.sdk.debug.ui.XilinxAppLaunchDelegateWrapper.launch(XilinxAppLaunchDelegateWrapper.java:31)
	at org.eclipse.debug.internal.core.LaunchConfiguration.launch(LaunchConfiguration.java:885)
	at org.eclipse.debug.internal.core.LaunchConfiguration.launch(LaunchConfiguration.java:739)
	at org.eclipse.debug.internal.ui.DebugUIPlugin.buildAndLaunch(DebugUIPlugin.java:1039)
	at org.eclipse.debug.internal.ui.DebugUIPlugin$8.run(DebugUIPlugin.java:1256)
	at org.eclipse.core.internal.jobs.Worker.run(Worker.java:55)
13:04:19 ERROR : Unexpected error while fetching XMD's response: 
java.net.SocketException: Connection reset
	at java.net.SocketInputStream.read(SocketInputStream.java:209)
	at java.net.SocketInputStream.read(SocketInputStream.java:141)
	at sun.nio.cs.StreamDecoder.readBytes(StreamDecoder.java:284)
	at sun.nio.cs.StreamDecoder.implRead(StreamDecoder.java:326)
	at sun.nio.cs.StreamDecoder.read(StreamDecoder.java:178)
	at java.io.InputStreamReader.read(InputStreamReader.java:184)
	at java.io.BufferedReader.fill(BufferedReader.java:161)
	at java.io.BufferedReader.read(BufferedReader.java:182)
	at com.xilinx.sdk.targetmanager.internal.json.XMDJSONProcess$CommandResultsReader.run(XMDJSONProcess.java:332)
	at java.lang.Thread.run(Thread.java:745)
13:04:19 ERROR : Zero sized response read from XMD. This indicates a communication error or a programming error.
13:04:31 INFO  : Launching XSDB server: xsdb.bat -interactive C:\Users\Lucas\Documents\GitHub\ZedBoardAudioEqualizer\ZedBoard_FreeRTOS_Audio_Loopback_V1_0_1\temp_xsdb_launch_script.tcl
13:04:32 INFO  : XSDB server has started successfully.
13:05:21 INFO  : Launching XSDB server: xsdb.bat -interactive C:\Users\Lucas\Documents\GitHub\ZedBoardAudioEqualizer\ZedBoard_FreeRTOS_Audio_Loopback_V1_0_1\temp_xsdb_launch_script.tcl
13:05:23 INFO  : XSDB server has started successfully.
13:05:28 INFO  : Connected to target on host '127.0.0.1' and port '3121'.
13:05:29 INFO  : 'targets -set -filter {jtag_cable_name =~ "Digilent Zed 210248469540" && level==0} -index 1' command is executed.
13:05:31 INFO  : FPGA configured successfully with bitstream "C:/Users/Lucas/Documents/GitHub/ZedBoardAudioEqualizer/ZedBoard_FreeRTOS_Audio_Loopback_V1_0_1/system_wrapper_hw_platform_0/system_wrapper.bit"
13:05:39 INFO  : ps7_init is completed.
13:05:39 INFO  : ps7_post_config is completed.
13:05:39 INFO  : Processor reset is completed for ps7_cortexa9_0
13:05:39 ERROR : Unexpected error while opening JTAG UART: 
java.lang.RuntimeException: Error while opening JTAG UART server: MDM Uart NOT Present in the System
Could not detect MDM peripheral on hardware. Please check:
    1. If FPGA is configured correctly
    2. MDM Core is instantiated in the design
    3. If the correct FPGA is referred, in case of multiple FPGAs
    4. If the correct MDM is referred, in case of a multiple MDM system
    

	at com.xilinx.sdk.targetmanager.internal.TM.startJTAGUARTServer(TM.java:951)
	at com.xilinx.sdk.debug.core.internal.comm.JTAGUARTStreamsProxy.<init>(JTAGUARTStreamsProxy.java:32)
	at com.xilinx.sdk.debug.core.internal.RemoteProcess.createStreamsProxy(RemoteProcess.java:164)
	at com.xilinx.sdk.debug.core.internal.RemoteProcess.<init>(RemoteProcess.java:65)
	at com.xilinx.sdk.debug.core.internal.AppRunner.run(AppRunner.java:91)
	at com.xilinx.sdk.debug.core.XilinxAppLaunchConfigurationDelegate.runApplication(XilinxAppLaunchConfigurationDelegate.java:637)
	at com.xilinx.sdk.debug.core.XilinxAppLaunchConfigurationDelegate.launch(XilinxAppLaunchConfigurationDelegate.java:309)
	at com.xilinx.sdk.debug.ui.XilinxAppLaunchDelegateWrapper.launch(XilinxAppLaunchDelegateWrapper.java:31)
	at org.eclipse.debug.internal.core.LaunchConfiguration.launch(LaunchConfiguration.java:885)
	at org.eclipse.debug.internal.core.LaunchConfiguration.launch(LaunchConfiguration.java:739)
	at org.eclipse.debug.internal.ui.DebugUIPlugin.buildAndLaunch(DebugUIPlugin.java:1039)
	at org.eclipse.debug.internal.ui.DebugUIPlugin$8.run(DebugUIPlugin.java:1256)
	at org.eclipse.core.internal.jobs.Worker.run(Worker.java:55)
13:06:15 INFO  : ps7_cortexa9_0 Processor is in use. Please stop existing Run or Debug sessions before launching.
13:06:17 INFO  : Processor reset is completed for ps7_cortexa9_0
13:07:18 INFO  : Launching XSDB server: xsdb.bat -interactive C:\Users\Lucas\Documents\GitHub\ZedBoardAudioEqualizer\ZedBoard_FreeRTOS_Audio_Loopback_V1_0_1\temp_xsdb_launch_script.tcl
13:07:19 INFO  : XSDB server has started successfully.
13:07:43 WARN  : Unable to obtain port 2350 for use by XMD, java.net.SocketException: Unrecognized Windows Sockets error: 0: JVM_Bind
13:07:44 ERROR : Unexpected error while launching program.
com.xilinx.sdk.targetmanager.TMException: 
    Failed to claim JTAG Device 1 for debug. Check if it's
    in use by other client for debug


	at com.xilinx.sdk.targetmanager.internal.TM.connectToProcessor(TM.java:484)
	at com.xilinx.sdk.debug.core.XilinxAppLaunchConfigurationDelegate.runTargetSetup(XilinxAppLaunchConfigurationDelegate.java:503)
	at com.xilinx.sdk.debug.core.XilinxAppLaunchConfigurationDelegate.runApplication(XilinxAppLaunchConfigurationDelegate.java:616)
	at com.xilinx.sdk.debug.core.XilinxAppLaunchConfigurationDelegate.launch(XilinxAppLaunchConfigurationDelegate.java:309)
	at com.xilinx.sdk.debug.ui.XilinxAppLaunchDelegateWrapper.launch(XilinxAppLaunchDelegateWrapper.java:31)
	at org.eclipse.debug.internal.core.LaunchConfiguration.launch(LaunchConfiguration.java:885)
	at org.eclipse.debug.internal.core.LaunchConfiguration.launch(LaunchConfiguration.java:739)
	at org.eclipse.debug.internal.ui.DebugUIPlugin.buildAndLaunch(DebugUIPlugin.java:1039)
	at org.eclipse.debug.internal.ui.DebugUIPlugin$8.run(DebugUIPlugin.java:1256)
	at org.eclipse.core.internal.jobs.Worker.run(Worker.java:55)
13:07:50 INFO  : Time out for XMD transaction is 60000
If you want to increase the timeout value, goto Windows-> Preferences -> Xilinx SDK -> XMD Startup
13:07:50 ERROR : Timeout occured while waiting to get reply for command "xdisconnect 64"
13:07:50 ERROR : Disconnect target failed.
13:07:50 ERROR : Disconnect target failed.No Target with ID 64 in the System


13:07:50 ERROR : Unable to disconnect from existing targets
java.lang.RuntimeException: No Target with ID 64 in the System


	at com.xilinx.sdk.targetmanager.internal.TM.disconnectTarget(TM.java:329)
	at com.xilinx.sdk.targetmanager.internal.TM.disconnectExistingTargets(TM.java:308)
	at com.xilinx.sdk.targetmanager.internal.TM.terminate(TM.java:212)
	at com.xilinx.sdk.targetmanager.TMPlugin.stop(TMPlugin.java:58)
	at org.eclipse.osgi.internal.framework.BundleContextImpl$4.run(BundleContextImpl.java:827)
	at org.eclipse.osgi.internal.framework.BundleContextImpl$4.run(BundleContextImpl.java:1)
	at java.security.AccessController.doPrivileged(Native Method)
	at org.eclipse.osgi.internal.framework.BundleContextImpl.stop(BundleContextImpl.java:820)
	at org.eclipse.osgi.internal.framework.EquinoxBundle.stopWorker0(EquinoxBundle.java:955)
	at org.eclipse.osgi.internal.framework.EquinoxBundle$EquinoxModule.stopWorker(EquinoxBundle.java:323)
	at org.eclipse.osgi.container.Module.doStop(Module.java:626)
	at org.eclipse.osgi.container.Module.stop(Module.java:488)
	at org.eclipse.osgi.container.ModuleContainer$ContainerStartLevel.decStartLevel(ModuleContainer.java:1623)
	at org.eclipse.osgi.container.ModuleContainer$ContainerStartLevel.doContainerStartLevel(ModuleContainer.java:1542)
	at org.eclipse.osgi.container.SystemModule.stopWorker(SystemModule.java:248)
	at org.eclipse.osgi.internal.framework.EquinoxBundle$SystemBundle$EquinoxSystemModule.stopWorker(EquinoxBundle.java:144)
	at org.eclipse.osgi.container.Module.doStop(Module.java:626)
	at org.eclipse.osgi.container.Module.stop(Module.java:488)
	at org.eclipse.osgi.container.SystemModule.stop(SystemModule.java:186)
	at org.eclipse.osgi.internal.framework.EquinoxBundle$SystemBundle$EquinoxSystemModule$1.run(EquinoxBundle.java:159)
	at java.lang.Thread.run(Thread.java:745)
13:07:50 ERROR : Unexpected error while parsing XMD response ?: com.google.gson.JsonSyntaxException: com.google.gson.stream.MalformedJsonException: invalid number or unquoted string near 
13:09:01 INFO  : Processor reset is completed for ps7_cortexa9_0
13:09:43 INFO  : Processor reset is completed for ps7_cortexa9_0
13:10:58 INFO  : Time out for XMD transaction is 60000
If you want to increase the timeout value, goto Windows-> Preferences -> Xilinx SDK -> XMD Startup
13:10:58 ERROR : Timeout occured while waiting to get reply for command "xdisconnect 64"
13:10:58 ERROR : Disconnect target failed.
13:13:02 ERROR : Disconnect target failed.No Target with ID 64 in the System


13:13:02 ERROR : Unable to disconnect from existing targets
java.lang.RuntimeException: No Target with ID 64 in the System


	at com.xilinx.sdk.targetmanager.internal.TM.disconnectTarget(TM.java:329)
	at com.xilinx.sdk.targetmanager.internal.TM.disconnectExistingTargets(TM.java:308)
	at com.xilinx.sdk.targetmanager.internal.TM.terminate(TM.java:212)
	at com.xilinx.sdk.targetmanager.TMPlugin.stop(TMPlugin.java:58)
	at org.eclipse.osgi.internal.framework.BundleContextImpl$4.run(BundleContextImpl.java:827)
	at org.eclipse.osgi.internal.framework.BundleContextImpl$4.run(BundleContextImpl.java:1)
	at java.security.AccessController.doPrivileged(Native Method)
	at org.eclipse.osgi.internal.framework.BundleContextImpl.stop(BundleContextImpl.java:820)
	at org.eclipse.osgi.internal.framework.EquinoxBundle.stopWorker0(EquinoxBundle.java:955)
	at org.eclipse.osgi.internal.framework.EquinoxBundle$EquinoxModule.stopWorker(EquinoxBundle.java:323)
	at org.eclipse.osgi.container.Module.doStop(Module.java:626)
	at org.eclipse.osgi.container.Module.stop(Module.java:488)
	at org.eclipse.osgi.container.ModuleContainer$ContainerStartLevel.decStartLevel(ModuleContainer.java:1623)
	at org.eclipse.osgi.container.ModuleContainer$ContainerStartLevel.doContainerStartLevel(ModuleContainer.java:1542)
	at org.eclipse.osgi.container.SystemModule.stopWorker(SystemModule.java:248)
	at org.eclipse.osgi.internal.framework.EquinoxBundle$SystemBundle$EquinoxSystemModule.stopWorker(EquinoxBundle.java:144)
	at org.eclipse.osgi.container.Module.doStop(Module.java:626)
	at org.eclipse.osgi.container.Module.stop(Module.java:488)
	at org.eclipse.osgi.container.SystemModule.stop(SystemModule.java:186)
	at org.eclipse.osgi.internal.framework.EquinoxBundle$SystemBundle$EquinoxSystemModule$1.run(EquinoxBundle.java:159)
	at java.lang.Thread.run(Thread.java:745)
13:13:02 ERROR : Unexpected error while parsing XMD response ?: com.google.gson.JsonSyntaxException: com.google.gson.stream.MalformedJsonException: invalid number or unquoted string near 
13:15:19 INFO  : Launching XSDB server: xsdb.bat -interactive C:\Users\Lucas\Documents\GitHub\ZedBoardAudioEqualizer\ZedBoard_FreeRTOS_Audio_Loopback_V1_0_1\temp_xsdb_launch_script.tcl
13:15:20 INFO  : XSDB server has started successfully.
15:32:20 INFO  : Launching XSDB server: xsdb.bat -interactive C:\Users\Lucas\Documents\GitHub\ZedBoardAudioEqualizer\ZedBoard_FreeRTOS_Audio_Loopback_V1_0_1\temp_xsdb_launch_script.tcl
15:32:21 INFO  : XSDB server has started successfully.
15:32:56 INFO  : Launching XSDB server: xsdb.bat -interactive C:\Users\Lucas\Documents\GitHub\ZedBoardAudioEqualizer\ZedBoard_FreeRTOS_Audio_Loopback_V1_0_1\temp_xsdb_launch_script.tcl
15:32:57 INFO  : XSDB server has started successfully.
15:33:03 INFO  : Connected to target on host '127.0.0.1' and port '3121'.
15:33:04 INFO  : 'targets -set -filter {jtag_cable_name =~ "Digilent Zed 210248469540" && level==0} -index 1' command is executed.
15:33:07 INFO  : FPGA configured successfully with bitstream "C:/Users/Lucas/Documents/GitHub/ZedBoardAudioEqualizer/ZedBoard_FreeRTOS_Audio_Loopback_V1_0_1/system_wrapper_hw_platform_0/system_wrapper.bit"
15:33:43 INFO  : ps7_init is completed.
15:33:43 INFO  : ps7_post_config is completed.
15:33:43 INFO  : Processor reset is completed for ps7_cortexa9_0
15:34:39 INFO  : Processor reset is completed for ps7_cortexa9_0
15:35:00 INFO  : Processor reset is completed for ps7_cortexa9_0
15:35:23 INFO  : Processor reset is completed for ps7_cortexa9_0
15:35:44 INFO  : ps7_cortexa9_0 Processor is in use. Please stop existing Run or Debug sessions before launching.
15:35:46 INFO  : Processor reset is completed for ps7_cortexa9_0
15:44:10 INFO  : Processor reset is completed for ps7_cortexa9_0
15:44:28 ERROR : Unexpected error while launching program.
java.lang.RuntimeException: Error while running ps7_init method.
No Target with ID 64 in the System


	at com.xilinx.sdk.targetmanager.internal.TM.run_ps7_init(TM.java:1089)
	at com.xilinx.sdk.debug.core.XilinxAppLaunchConfigurationDelegate.runTargetSetup(XilinxAppLaunchConfigurationDelegate.java:514)
	at com.xilinx.sdk.debug.core.XilinxAppLaunchConfigurationDelegate.runApplication(XilinxAppLaunchConfigurationDelegate.java:616)
	at com.xilinx.sdk.debug.core.XilinxAppLaunchConfigurationDelegate.launch(XilinxAppLaunchConfigurationDelegate.java:309)
	at com.xilinx.sdk.debug.ui.XilinxAppLaunchDelegateWrapper.launch(XilinxAppLaunchDelegateWrapper.java:31)
	at org.eclipse.debug.internal.core.LaunchConfiguration.launch(LaunchConfiguration.java:885)
	at org.eclipse.debug.internal.core.LaunchConfiguration.launch(LaunchConfiguration.java:739)
	at org.eclipse.debug.internal.ui.DebugUIPlugin.buildAndLaunch(DebugUIPlugin.java:1039)
	at org.eclipse.debug.internal.ui.DebugUIPlugin$8.run(DebugUIPlugin.java:1256)
	at org.eclipse.core.internal.jobs.Worker.run(Worker.java:55)
15:45:20 INFO  : Time out for XMD transaction is 60000
If you want to increase the timeout value, goto Windows-> Preferences -> Xilinx SDK -> XMD Startup
15:45:20 ERROR : Timeout occured while waiting to get reply for command "xdisconnect 64"
15:45:20 ERROR : Disconnect target failed.
15:45:20 ERROR : Disconnect target failed.No Target with ID 64 in the System


15:45:26 ERROR : Unexpected error while launching program.
java.lang.RuntimeException: Error while running ps7_init method.
No Target with ID 64 in the System


	at com.xilinx.sdk.targetmanager.internal.TM.run_ps7_init(TM.java:1089)
	at com.xilinx.sdk.debug.core.XilinxAppLaunchConfigurationDelegate.runTargetSetup(XilinxAppLaunchConfigurationDelegate.java:514)
	at com.xilinx.sdk.debug.core.XilinxAppLaunchConfigurationDelegate.runApplication(XilinxAppLaunchConfigurationDelegate.java:616)
	at com.xilinx.sdk.debug.core.XilinxAppLaunchConfigurationDelegate.launch(XilinxAppLaunchConfigurationDelegate.java:309)
	at com.xilinx.sdk.debug.ui.XilinxAppLaunchDelegateWrapper.launch(XilinxAppLaunchDelegateWrapper.java:31)
	at org.eclipse.debug.internal.core.LaunchConfiguration.launch(LaunchConfiguration.java:885)
	at org.eclipse.debug.internal.core.LaunchConfiguration.launch(LaunchConfiguration.java:739)
	at org.eclipse.debug.internal.ui.DebugUIPlugin.buildAndLaunch(DebugUIPlugin.java:1039)
	at org.eclipse.debug.internal.ui.DebugUIPlugin$8.run(DebugUIPlugin.java:1256)
	at org.eclipse.core.internal.jobs.Worker.run(Worker.java:55)
15:45:26 ERROR : Disconnect target failed.No Target with ID 64 in the System


15:45:34 INFO  : FPGA Cable Disconnected. All active launches will be terminated.
15:45:34 ERROR : Disconnect target failed.No Target with ID 64 in the System


15:45:41 INFO  : Connected to target on host '127.0.0.1' and port '3121'.
15:45:41 INFO  : 'targets -set -filter {jtag_cable_name =~ "Digilent Zed 210248469540" && level==0} -index 1' command is executed.
15:45:44 INFO  : FPGA configured successfully with bitstream "C:/Users/Lucas/Documents/GitHub/ZedBoardAudioEqualizer/ZedBoard_FreeRTOS_Audio_Loopback_V1_0_1/system_wrapper_hw_platform_0/system_wrapper.bit"
15:45:47 ERROR : Checking FPGA configuration failed..Lost communication with jtag cable. Run "xdisconnect -cable"
                           and start over again


15:45:47 ERROR : Unexpected error while launching program.
com.xilinx.sdk.targetmanager.TMException: Lost communication with jtag cable. Run "xdisconnect -cable"
                           and start over again


	at com.xilinx.sdk.targetmanager.internal.TM.isFPGAConfigured(TM.java:374)
	at com.xilinx.sdk.debug.core.XilinxAppLaunchConfigurationDelegate.isFpgaConfigured(XilinxAppLaunchConfigurationDelegate.java:409)
	at com.xilinx.sdk.debug.core.XilinxAppLaunchConfigurationDelegate.launch(XilinxAppLaunchConfigurationDelegate.java:303)
	at com.xilinx.sdk.debug.ui.XilinxAppLaunchDelegateWrapper.launch(XilinxAppLaunchDelegateWrapper.java:31)
	at org.eclipse.debug.internal.core.LaunchConfiguration.launch(LaunchConfiguration.java:885)
	at org.eclipse.debug.internal.core.LaunchConfiguration.launch(LaunchConfiguration.java:739)
	at org.eclipse.debug.internal.ui.DebugUIPlugin.buildAndLaunch(DebugUIPlugin.java:1039)
	at org.eclipse.debug.internal.ui.DebugUIPlugin$8.run(DebugUIPlugin.java:1256)
	at org.eclipse.core.internal.jobs.Worker.run(Worker.java:55)
15:45:47 ERROR : Disconnect target failed.No Target with ID 64 in the System


15:45:56 ERROR : Disconnect target failed.No Target with ID 64 in the System


15:45:56 ERROR : Unable to disconnect from existing targets
java.lang.RuntimeException: No Target with ID 64 in the System


	at com.xilinx.sdk.targetmanager.internal.TM.disconnectTarget(TM.java:329)
	at com.xilinx.sdk.targetmanager.internal.TM.disconnectExistingTargets(TM.java:308)
	at com.xilinx.sdk.targetmanager.internal.TM.terminate(TM.java:212)
	at com.xilinx.sdk.targetmanager.TMPlugin.stop(TMPlugin.java:58)
	at org.eclipse.osgi.internal.framework.BundleContextImpl$4.run(BundleContextImpl.java:827)
	at org.eclipse.osgi.internal.framework.BundleContextImpl$4.run(BundleContextImpl.java:1)
	at java.security.AccessController.doPrivileged(Native Method)
	at org.eclipse.osgi.internal.framework.BundleContextImpl.stop(BundleContextImpl.java:820)
	at org.eclipse.osgi.internal.framework.EquinoxBundle.stopWorker0(EquinoxBundle.java:955)
	at org.eclipse.osgi.internal.framework.EquinoxBundle$EquinoxModule.stopWorker(EquinoxBundle.java:323)
	at org.eclipse.osgi.container.Module.doStop(Module.java:626)
	at org.eclipse.osgi.container.Module.stop(Module.java:488)
	at org.eclipse.osgi.container.ModuleContainer$ContainerStartLevel.decStartLevel(ModuleContainer.java:1623)
	at org.eclipse.osgi.container.ModuleContainer$ContainerStartLevel.doContainerStartLevel(ModuleContainer.java:1542)
	at org.eclipse.osgi.container.SystemModule.stopWorker(SystemModule.java:248)
	at org.eclipse.osgi.internal.framework.EquinoxBundle$SystemBundle$EquinoxSystemModule.stopWorker(EquinoxBundle.java:144)
	at org.eclipse.osgi.container.Module.doStop(Module.java:626)
	at org.eclipse.osgi.container.Module.stop(Module.java:488)
	at org.eclipse.osgi.container.SystemModule.stop(SystemModule.java:186)
	at org.eclipse.osgi.internal.framework.EquinoxBundle$SystemBundle$EquinoxSystemModule$1.run(EquinoxBundle.java:159)
	at java.lang.Thread.run(Thread.java:745)
15:45:56 ERROR : Unexpected error while parsing XMD response ?: com.google.gson.JsonSyntaxException: com.google.gson.stream.MalformedJsonException: invalid number or unquoted string near 
15:46:04 INFO  : Launching XSDB server: xsdb.bat -interactive C:\Users\Lucas\Documents\GitHub\ZedBoardAudioEqualizer\ZedBoard_FreeRTOS_Audio_Loopback_V1_0_1\temp_xsdb_launch_script.tcl
15:46:05 INFO  : XSDB server has started successfully.
15:46:12 INFO  : Connected to target on host '127.0.0.1' and port '3121'.
15:46:13 INFO  : 'targets -set -filter {jtag_cable_name =~ "Digilent Zed 210248469540" && level==0} -index 1' command is executed.
15:46:15 INFO  : FPGA configured successfully with bitstream "C:/Users/Lucas/Documents/GitHub/ZedBoardAudioEqualizer/ZedBoard_FreeRTOS_Audio_Loopback_V1_0_1/system_wrapper_hw_platform_0/system_wrapper.bit"
15:46:21 INFO  : ps7_init is completed.
15:46:21 INFO  : ps7_post_config is completed.
15:46:21 INFO  : Processor reset is completed for ps7_cortexa9_0
15:47:04 INFO  : ps7_cortexa9_0 Processor is in use. Please stop existing Run or Debug sessions before launching.
15:47:06 INFO  : Processor reset is completed for ps7_cortexa9_0
15:47:23 INFO  : Processor reset is completed for ps7_cortexa9_0
15:47:37 INFO  : Processor reset is completed for ps7_cortexa9_0
15:49:06 INFO  : Processor reset is completed for ps7_cortexa9_0
15:49:30 INFO  : Processor reset is completed for ps7_cortexa9_0
15:49:46 INFO  : Processor reset is completed for ps7_cortexa9_0
15:51:02 INFO  : Processor reset is completed for ps7_cortexa9_0
16:07:39 INFO  : Processor reset is completed for ps7_cortexa9_0
16:08:24 INFO  : Processor reset is completed for ps7_cortexa9_0
16:08:55 INFO  : Processor reset is completed for ps7_cortexa9_0
16:09:27 INFO  : Processor reset is completed for ps7_cortexa9_0
16:10:03 INFO  : Processor reset is completed for ps7_cortexa9_0
16:11:21 INFO  : Processor reset is completed for ps7_cortexa9_0
16:11:40 INFO  : Processor reset is completed for ps7_cortexa9_0
16:11:57 INFO  : Processor reset is completed for ps7_cortexa9_0
16:12:35 INFO  : ps7_cortexa9_0 Processor is in use. Please stop existing Run or Debug sessions before launching.
16:12:36 INFO  : Processor reset is completed for ps7_cortexa9_0
16:13:02 INFO  : Processor reset is completed for ps7_cortexa9_0
16:18:02 INFO  : Processor reset is completed for ps7_cortexa9_0
16:22:15 INFO  : ps7_cortexa9_0 Processor is in use. Please stop existing Run or Debug sessions before launching.
16:22:23 INFO  : Processor reset is completed for ps7_cortexa9_0
16:23:11 INFO  : Processor reset is completed for ps7_cortexa9_0
16:23:31 INFO  : Processor reset is completed for ps7_cortexa9_0
16:24:28 INFO  : ps7_cortexa9_0 Processor is in use. Please stop existing Run or Debug sessions before launching.
16:24:30 INFO  : Processor reset is completed for ps7_cortexa9_0
16:24:53 INFO  : Processor reset is completed for ps7_cortexa9_0
16:25:09 INFO  : Connected to target on host '127.0.0.1' and port '3121'.
16:25:09 INFO  : 'targets -set -filter {jtag_cable_name =~ "Digilent Zed 210248469540" && level==0} -index 1' command is executed.
16:25:11 INFO  : FPGA configured successfully with bitstream "C:/Users/Lucas/Documents/GitHub/ZedBoardAudioEqualizer/ZedBoard_FreeRTOS_Audio_Loopback_V1_0_1/system_wrapper_hw_platform_0/system_wrapper.bit"
16:25:15 INFO  : ps7_init is completed.
16:25:15 INFO  : ps7_post_config is completed.
16:25:15 INFO  : Processor reset is completed for ps7_cortexa9_0
16:25:37 INFO  : Processor reset is completed for ps7_cortexa9_0
16:25:53 INFO  : Processor reset is completed for ps7_cortexa9_0
16:26:11 INFO  : Processor reset is completed for ps7_cortexa9_0
16:32:25 INFO  : Processor reset is completed for ps7_cortexa9_0
16:32:47 INFO  : Processor reset is completed for ps7_cortexa9_0
16:33:02 INFO  : Connected to target on host '127.0.0.1' and port '3121'.
16:33:03 INFO  : 'targets -set -filter {jtag_cable_name =~ "Digilent Zed 210248469540" && level==0} -index 1' command is executed.
16:33:05 INFO  : FPGA configured successfully with bitstream "C:/Users/Lucas/Documents/GitHub/ZedBoardAudioEqualizer/ZedBoard_FreeRTOS_Audio_Loopback_V1_0_1/system_wrapper_hw_platform_0/system_wrapper.bit"
16:33:10 INFO  : ps7_init is completed.
16:33:10 INFO  : ps7_post_config is completed.
16:33:10 INFO  : Processor reset is completed for ps7_cortexa9_0
16:33:10 ERROR : No such port: COM4
16:33:19 ERROR : Unexpected error while parsing XMD response ?: com.google.gson.JsonSyntaxException: com.google.gson.stream.MalformedJsonException: invalid number or unquoted string near 
16:33:31 INFO  : Launching XSDB server: xsdb.bat -interactive C:\Users\Lucas\Documents\GitHub\ZedBoardAudioEqualizer\ZedBoard_FreeRTOS_Audio_Loopback_V1_0_1\temp_xsdb_launch_script.tcl
16:33:32 INFO  : XSDB server has started successfully.
16:33:37 INFO  : Connected to target on host '127.0.0.1' and port '3121'.
16:33:38 INFO  : 'targets -set -filter {jtag_cable_name =~ "Digilent Zed 210248469540" && level==0} -index 1' command is executed.
16:33:41 INFO  : FPGA configured successfully with bitstream "C:/Users/Lucas/Documents/GitHub/ZedBoardAudioEqualizer/ZedBoard_FreeRTOS_Audio_Loopback_V1_0_1/system_wrapper_hw_platform_0/system_wrapper.bit"
16:35:27 INFO  : ps7_init is completed.
16:35:27 INFO  : ps7_post_config is completed.
16:35:27 INFO  : Processor reset is completed for ps7_cortexa9_0
16:35:47 INFO  : Processor reset is completed for ps7_cortexa9_0
16:39:56 INFO  : Processor reset is completed for ps7_cortexa9_0
16:40:40 INFO  : Processor reset is completed for ps7_cortexa9_0
16:41:16 INFO  : Processor reset is completed for ps7_cortexa9_0
16:41:38 INFO  : Processor reset is completed for ps7_cortexa9_0
16:47:35 INFO  : Processor reset is completed for ps7_cortexa9_0
16:48:22 INFO  : Connected to target on host '127.0.0.1' and port '3121'.
16:48:22 INFO  : 'targets -set -filter {jtag_cable_name =~ "Digilent Zed 210248469540" && level==0} -index 1' command is executed.
16:48:25 INFO  : FPGA configured successfully with bitstream "C:/Users/Lucas/Documents/GitHub/ZedBoardAudioEqualizer/ZedBoard_FreeRTOS_Audio_Loopback_V1_0_1/system_wrapper_hw_platform_0/system_wrapper.bit"
16:48:28 INFO  : ps7_init is completed.
16:48:28 INFO  : ps7_post_config is completed.
16:48:28 INFO  : Processor reset is completed for ps7_cortexa9_0
16:49:01 ERROR : Unexpected error while launching program.
java.lang.RuntimeException: Error while running ps7_init method.
No Target with ID 64 in the System


	at com.xilinx.sdk.targetmanager.internal.TM.run_ps7_init(TM.java:1089)
	at com.xilinx.sdk.debug.core.XilinxAppLaunchConfigurationDelegate.runTargetSetup(XilinxAppLaunchConfigurationDelegate.java:514)
	at com.xilinx.sdk.debug.core.XilinxAppLaunchConfigurationDelegate.runApplication(XilinxAppLaunchConfigurationDelegate.java:616)
	at com.xilinx.sdk.debug.core.XilinxAppLaunchConfigurationDelegate.launch(XilinxAppLaunchConfigurationDelegate.java:309)
	at com.xilinx.sdk.debug.ui.XilinxAppLaunchDelegateWrapper.launch(XilinxAppLaunchDelegateWrapper.java:31)
	at org.eclipse.debug.internal.core.LaunchConfiguration.launch(LaunchConfiguration.java:885)
	at org.eclipse.debug.internal.core.LaunchConfiguration.launch(LaunchConfiguration.java:739)
	at org.eclipse.debug.internal.ui.DebugUIPlugin.buildAndLaunch(DebugUIPlugin.java:1039)
	at org.eclipse.debug.internal.ui.DebugUIPlugin$8.run(DebugUIPlugin.java:1256)
	at org.eclipse.core.internal.jobs.Worker.run(Worker.java:55)
16:49:42 INFO  : Time out for XMD transaction is 60000
If you want to increase the timeout value, goto Windows-> Preferences -> Xilinx SDK -> XMD Startup
16:49:42 ERROR : Timeout occured while waiting to get reply for command "xdisconnect 64"
16:49:42 ERROR : Disconnect target failed.
16:49:42 ERROR : Disconnect target failed.No Target with ID 64 in the System


16:49:48 ERROR : Disconnect target failed.No Target with ID 64 in the System


16:49:48 ERROR : Unable to disconnect from existing targets
java.lang.RuntimeException: No Target with ID 64 in the System


	at com.xilinx.sdk.targetmanager.internal.TM.disconnectTarget(TM.java:329)
	at com.xilinx.sdk.targetmanager.internal.TM.disconnectExistingTargets(TM.java:308)
	at com.xilinx.sdk.targetmanager.internal.TM.terminate(TM.java:212)
	at com.xilinx.sdk.targetmanager.TMPlugin.stop(TMPlugin.java:58)
	at org.eclipse.osgi.internal.framework.BundleContextImpl$4.run(BundleContextImpl.java:827)
	at org.eclipse.osgi.internal.framework.BundleContextImpl$4.run(BundleContextImpl.java:1)
	at java.security.AccessController.doPrivileged(Native Method)
	at org.eclipse.osgi.internal.framework.BundleContextImpl.stop(BundleContextImpl.java:820)
	at org.eclipse.osgi.internal.framework.EquinoxBundle.stopWorker0(EquinoxBundle.java:955)
	at org.eclipse.osgi.internal.framework.EquinoxBundle$EquinoxModule.stopWorker(EquinoxBundle.java:323)
	at org.eclipse.osgi.container.Module.doStop(Module.java:626)
	at org.eclipse.osgi.container.Module.stop(Module.java:488)
	at org.eclipse.osgi.container.ModuleContainer$ContainerStartLevel.decStartLevel(ModuleContainer.java:1623)
	at org.eclipse.osgi.container.ModuleContainer$ContainerStartLevel.doContainerStartLevel(ModuleContainer.java:1542)
	at org.eclipse.osgi.container.SystemModule.stopWorker(SystemModule.java:248)
	at org.eclipse.osgi.internal.framework.EquinoxBundle$SystemBundle$EquinoxSystemModule.stopWorker(EquinoxBundle.java:144)
	at org.eclipse.osgi.container.Module.doStop(Module.java:626)
	at org.eclipse.osgi.container.Module.stop(Module.java:488)
	at org.eclipse.osgi.container.SystemModule.stop(SystemModule.java:186)
	at org.eclipse.osgi.internal.framework.EquinoxBundle$SystemBundle$EquinoxSystemModule$1.run(EquinoxBundle.java:159)
	at java.lang.Thread.run(Thread.java:745)
16:49:48 ERROR : Unexpected error while parsing XMD response ?: com.google.gson.JsonSyntaxException: com.google.gson.stream.MalformedJsonException: invalid number or unquoted string near 
16:50:00 INFO  : Launching XSDB server: xsdb.bat -interactive C:\Users\Lucas\Documents\GitHub\ZedBoardAudioEqualizer\ZedBoard_FreeRTOS_Audio_Loopback_V1_0_1\temp_xsdb_launch_script.tcl
16:50:01 INFO  : XSDB server has started successfully.
16:50:29 INFO  : Connected to target on host '127.0.0.1' and port '3121'.
16:50:30 INFO  : 'targets -set -filter {jtag_cable_name =~ "Digilent Zed 210248469540" && level==0} -index 1' command is executed.
16:50:32 INFO  : FPGA configured successfully with bitstream "C:/Users/Lucas/Documents/GitHub/ZedBoardAudioEqualizer/ZedBoard_FreeRTOS_Audio_Loopback_V1_0_1/system_wrapper_hw_platform_0/system_wrapper.bit"
16:50:39 INFO  : ps7_init is completed.
16:50:39 INFO  : ps7_post_config is completed.
16:50:39 INFO  : Processor reset is completed for ps7_cortexa9_0
16:50:39 ERROR : No such port: COM4
16:51:08 INFO  : Processor reset is completed for ps7_cortexa9_0
16:51:43 INFO  : ps7_cortexa9_0 Processor is in use. Please stop existing Run or Debug sessions before launching.
16:51:47 INFO  : Processor reset is completed for ps7_cortexa9_0
16:52:06 INFO  : Connected to target on host '127.0.0.1' and port '3121'.
16:52:06 INFO  : 'targets -set -filter {jtag_cable_name =~ "Digilent Zed 210248469540" && level==0} -index 1' command is executed.
16:52:09 INFO  : FPGA configured successfully with bitstream "C:/Users/Lucas/Documents/GitHub/ZedBoardAudioEqualizer/ZedBoard_FreeRTOS_Audio_Loopback_V1_0_1/system_wrapper_hw_platform_0/system_wrapper.bit"
16:52:13 INFO  : ps7_init is completed.
16:52:13 INFO  : ps7_post_config is completed.
16:52:13 INFO  : Processor reset is completed for ps7_cortexa9_0
16:52:13 ERROR : No such port: COM4
16:52:28 INFO  : Processor reset is completed for ps7_cortexa9_0
16:53:28 INFO  : Connected to target on host '127.0.0.1' and port '3121'.
16:53:29 INFO  : 'targets -set -filter {jtag_cable_name =~ "Digilent Zed 210248469540" && level==0} -index 1' command is executed.
16:53:31 INFO  : FPGA configured successfully with bitstream "C:/Users/Lucas/Documents/GitHub/ZedBoardAudioEqualizer/ZedBoard_FreeRTOS_Audio_Loopback_V1_0_1/system_wrapper_hw_platform_0/system_wrapper.bit"
16:53:34 INFO  : ps7_init is completed.
16:53:34 INFO  : ps7_post_config is completed.
16:53:34 INFO  : Processor reset is completed for ps7_cortexa9_0
16:53:34 ERROR : No such port: COM4
16:54:01 INFO  : Processor reset is completed for ps7_cortexa9_0
16:54:01 ERROR : No such port: COM4
16:55:09 INFO  : Processor reset is completed for ps7_cortexa9_0
16:55:56 INFO  : Connected to target on host '127.0.0.1' and port '3121'.
16:55:56 INFO  : 'targets -set -filter {jtag_cable_name =~ "Digilent Zed 210248469540" && level==0} -index 1' command is executed.
16:55:59 INFO  : FPGA configured successfully with bitstream "C:/Users/Lucas/Documents/GitHub/ZedBoardAudioEqualizer/ZedBoard_FreeRTOS_Audio_Loopback_V1_0_1/system_wrapper_hw_platform_0/system_wrapper.bit"
16:56:03 INFO  : ps7_init is completed.
16:56:03 INFO  : ps7_post_config is completed.
16:56:03 INFO  : Processor reset is completed for ps7_cortexa9_0
16:56:19 INFO  : Processor reset is completed for ps7_cortexa9_0
16:56:58 INFO  : Connected to target on host '127.0.0.1' and port '3121'.
16:56:58 INFO  : 'targets -set -filter {jtag_cable_name =~ "Digilent Zed 210248469540" && level==0} -index 1' command is executed.
16:57:01 INFO  : FPGA configured successfully with bitstream "C:/Users/Lucas/Documents/GitHub/ZedBoardAudioEqualizer/ZedBoard_FreeRTOS_Audio_Loopback_V1_0_1/system_wrapper_hw_platform_0/system_wrapper.bit"
16:57:06 INFO  : ps7_init is completed.
16:57:06 INFO  : ps7_post_config is completed.
16:57:06 INFO  : Processor reset is completed for ps7_cortexa9_0
16:57:41 INFO  : Connected to target on host '127.0.0.1' and port '3121'.
16:57:41 INFO  : 'targets -set -filter {jtag_cable_name =~ "Digilent Zed 210248469540" && level==0} -index 1' command is executed.
16:57:44 INFO  : FPGA configured successfully with bitstream "C:/Users/Lucas/Documents/GitHub/ZedBoardAudioEqualizer/ZedBoard_FreeRTOS_Audio_Loopback_V1_0_1/system_wrapper_hw_platform_0/system_wrapper.bit"
16:57:47 INFO  : ps7_init is completed.
16:57:47 INFO  : ps7_post_config is completed.
16:57:48 INFO  : Processor reset is completed for ps7_cortexa9_0
16:58:34 INFO  : Connected to target on host '127.0.0.1' and port '3121'.
16:58:34 INFO  : 'targets -set -filter {jtag_cable_name =~ "Digilent Zed 210248469540" && level==0} -index 1' command is executed.
16:58:37 INFO  : FPGA configured successfully with bitstream "C:/Users/Lucas/Documents/GitHub/ZedBoardAudioEqualizer/ZedBoard_FreeRTOS_Audio_Loopback_V1_0_1/system_wrapper_hw_platform_0/system_wrapper.bit"
16:58:40 INFO  : ps7_init is completed.
16:58:40 INFO  : ps7_post_config is completed.
16:58:40 INFO  : Processor reset is completed for ps7_cortexa9_0
16:58:40 ERROR : No such port: COM4
17:00:01 INFO  : Processor reset is completed for ps7_cortexa9_0
17:00:01 ERROR : No such port: COM4
17:00:30 INFO  : Connected to target on host '127.0.0.1' and port '3121'.
17:00:30 INFO  : 'targets -set -filter {jtag_cable_name =~ "Digilent Zed 210248469540" && level==0} -index 1' command is executed.
17:00:33 INFO  : FPGA configured successfully with bitstream "C:/Users/Lucas/Documents/GitHub/ZedBoardAudioEqualizer/ZedBoard_FreeRTOS_Audio_Loopback_V1_0_1/system_wrapper_hw_platform_0/system_wrapper.bit"
17:01:19 INFO  : ps7_init is completed.
17:01:19 INFO  : ps7_post_config is completed.
17:01:19 INFO  : Processor reset is completed for ps7_cortexa9_0
17:02:24 INFO  : ps7_cortexa9_0 Processor is in use. Please stop existing Run or Debug sessions before launching.
17:02:27 INFO  : Processor reset is completed for ps7_cortexa9_0
17:02:52 ERROR : Unexpected error while parsing XMD response ?: com.google.gson.JsonSyntaxException: com.google.gson.stream.MalformedJsonException: invalid number or unquoted string near 
17:03:07 INFO  : Launching XSDB server: xsdb.bat -interactive C:\Users\Lucas\Documents\GitHub\ZedBoardAudioEqualizer\ZedBoard_FreeRTOS_Audio_Loopback_V1_0_1\temp_xsdb_launch_script.tcl
17:03:08 INFO  : XSDB server has started successfully.
17:03:20 INFO  : Connected to target on host '127.0.0.1' and port '3121'.
17:03:20 INFO  : 'targets -set -filter {jtag_cable_name =~ "Digilent Zed 210248469540" && level==0} -index 1' command is executed.
17:03:23 INFO  : FPGA configured successfully with bitstream "C:/Users/Lucas/Documents/GitHub/ZedBoardAudioEqualizer/ZedBoard_FreeRTOS_Audio_Loopback_V1_0_1/system_wrapper_hw_platform_0/system_wrapper.bit"
17:03:29 INFO  : ps7_init is completed.
17:03:29 INFO  : ps7_post_config is completed.
17:03:29 INFO  : Processor reset is completed for ps7_cortexa9_0
17:04:12 INFO  : Processor reset is completed for ps7_cortexa9_0
17:05:23 INFO  : Connected to target on host '127.0.0.1' and port '3121'.
17:05:23 INFO  : 'targets -set -filter {jtag_cable_name =~ "Digilent Zed 210248469540" && level==0} -index 1' command is executed.
17:05:26 INFO  : FPGA configured successfully with bitstream "C:/Users/Lucas/Documents/GitHub/ZedBoardAudioEqualizer/ZedBoard_FreeRTOS_Audio_Loopback_V1_0_1/system_wrapper_hw_platform_0/system_wrapper.bit"
17:05:29 INFO  : ps7_init is completed.
17:05:30 INFO  : ps7_post_config is completed.
17:05:30 INFO  : Processor reset is completed for ps7_cortexa9_0
17:07:16 INFO  : Processor reset is completed for ps7_cortexa9_0
17:07:39 INFO  : Connected to target on host '127.0.0.1' and port '3121'.
17:07:39 INFO  : 'targets -set -filter {jtag_cable_name =~ "Digilent Zed 210248469540" && level==0} -index 1' command is executed.
17:07:41 INFO  : FPGA configured successfully with bitstream "C:/Users/Lucas/Documents/GitHub/ZedBoardAudioEqualizer/ZedBoard_FreeRTOS_Audio_Loopback_V1_0_1/system_wrapper_hw_platform_0/system_wrapper.bit"
17:07:45 INFO  : ps7_init is completed.
17:07:45 INFO  : ps7_post_config is completed.
17:07:45 INFO  : Processor reset is completed for ps7_cortexa9_0
17:09:00 INFO  : Processor reset is completed for ps7_cortexa9_0
17:11:30 INFO  : Processor reset is completed for ps7_cortexa9_0
17:11:54 INFO  : Processor reset is completed for ps7_cortexa9_0
17:12:30 INFO  : Processor reset is completed for ps7_cortexa9_0
17:12:43 INFO  : Processor reset is completed for ps7_cortexa9_0
17:13:02 INFO  : Processor reset is completed for ps7_cortexa9_0
17:13:23 INFO  : Processor reset is completed for ps7_cortexa9_0
17:13:36 INFO  : Processor reset is completed for ps7_cortexa9_0
17:14:18 INFO  : ps7_cortexa9_0 Processor is in use. Please stop existing Run or Debug sessions before launching.
17:14:20 INFO  : Processor reset is completed for ps7_cortexa9_0
17:14:34 INFO  : Processor reset is completed for ps7_cortexa9_0
17:15:19 INFO  : Connected to target on host '127.0.0.1' and port '3121'.
17:15:20 INFO  : 'targets -set -filter {jtag_cable_name =~ "Digilent Zed 210248469540" && level==0} -index 1' command is executed.
17:15:22 INFO  : FPGA configured successfully with bitstream "C:/Users/Lucas/Documents/GitHub/ZedBoardAudioEqualizer/ZedBoard_FreeRTOS_Audio_Loopback_V1_0_1/system_wrapper_hw_platform_0/system_wrapper.bit"
17:15:26 INFO  : ps7_init is completed.
17:15:26 INFO  : ps7_post_config is completed.
17:15:27 INFO  : Processor reset is completed for ps7_cortexa9_0
17:16:03 INFO  : Connected to target on host '127.0.0.1' and port '3121'.
17:16:03 INFO  : 'targets -set -filter {jtag_cable_name =~ "Digilent Zed 210248469540" && level==0} -index 1' command is executed.
17:16:05 INFO  : FPGA configured successfully with bitstream "C:/Users/Lucas/Documents/GitHub/ZedBoardAudioEqualizer/ZedBoard_FreeRTOS_Audio_Loopback_V1_0_1/system_wrapper_hw_platform_0/system_wrapper.bit"
17:16:09 INFO  : ps7_init is completed.
17:16:09 INFO  : ps7_post_config is completed.
17:16:10 INFO  : Processor reset is completed for ps7_cortexa9_0
17:16:36 INFO  : Connected to target on host '127.0.0.1' and port '3121'.
17:16:36 INFO  : 'targets -set -filter {jtag_cable_name =~ "Digilent Zed 210248469540" && level==0} -index 1' command is executed.
17:16:39 INFO  : FPGA configured successfully with bitstream "C:/Users/Lucas/Documents/GitHub/ZedBoardAudioEqualizer/ZedBoard_FreeRTOS_Audio_Loopback_V1_0_1/system_wrapper_hw_platform_0/system_wrapper.bit"
17:16:43 INFO  : ps7_init is completed.
17:16:43 INFO  : ps7_post_config is completed.
17:16:43 INFO  : Processor reset is completed for ps7_cortexa9_0
17:18:42 INFO  : Connected to target on host '127.0.0.1' and port '3121'.
17:18:42 INFO  : 'targets -set -filter {jtag_cable_name =~ "Digilent Zed 210248469540" && level==0} -index 1' command is executed.
17:18:45 INFO  : FPGA configured successfully with bitstream "C:/Users/Lucas/Documents/GitHub/ZedBoardAudioEqualizer/ZedBoard_FreeRTOS_Audio_Loopback_V1_0_1/system_wrapper_hw_platform_0/system_wrapper.bit"
17:18:54 INFO  : ps7_init is completed.
17:18:54 INFO  : ps7_post_config is completed.
17:18:54 INFO  : Processor reset is completed for ps7_cortexa9_0
17:19:10 INFO  : Processor reset is completed for ps7_cortexa9_0
17:19:56 INFO  : Connected to target on host '127.0.0.1' and port '3121'.
17:19:56 INFO  : 'targets -set -filter {jtag_cable_name =~ "Digilent Zed 210248469540" && level==0} -index 1' command is executed.
17:19:58 INFO  : FPGA configured successfully with bitstream "C:/Users/Lucas/Documents/GitHub/ZedBoardAudioEqualizer/ZedBoard_FreeRTOS_Audio_Loopback_V1_0_1/system_wrapper_hw_platform_0/system_wrapper.bit"
17:20:02 INFO  : ps7_init is completed.
17:20:02 INFO  : ps7_post_config is completed.
17:20:02 INFO  : Processor reset is completed for ps7_cortexa9_0
17:20:43 INFO  : Connected to target on host '127.0.0.1' and port '3121'.
17:20:44 INFO  : 'targets -set -filter {jtag_cable_name =~ "Digilent Zed 210248469540" && level==0} -index 1' command is executed.
17:20:46 INFO  : FPGA configured successfully with bitstream "C:/Users/Lucas/Documents/GitHub/ZedBoardAudioEqualizer/ZedBoard_FreeRTOS_Audio_Loopback_V1_0_1/system_wrapper_hw_platform_0/system_wrapper.bit"
17:20:51 INFO  : ps7_init is completed.
17:20:51 INFO  : ps7_post_config is completed.
17:20:51 INFO  : Processor reset is completed for ps7_cortexa9_0
17:26:50 INFO  : Processor reset is completed for ps7_cortexa9_0
17:27:27 INFO  : ps7_cortexa9_0 Processor is in use. Please stop existing Run or Debug sessions before launching.
17:27:28 INFO  : Processor reset is completed for ps7_cortexa9_0
17:30:07 INFO  : ps7_cortexa9_0 Processor is in use. Please stop existing Run or Debug sessions before launching.
17:30:10 INFO  : Processor reset is completed for ps7_cortexa9_0
14:27:50 INFO  : FPGA configured successfully with bitstream "C:/opt/ZedBoardAudioEqualizer/ZedBoard_FreeRTOS_Audio_Loopback_V1_0_1/system_wrapper_hw_platform_0/system_wrapper.bit"
14:28:11 INFO  : ps7_init is completed.
14:28:11 INFO  : ps7_post_config is completed.
14:28:11 INFO  : Processor reset is completed for ps7_cortexa9_0
14:28:11 ERROR : No such port: COM4
14:30:14 INFO  : ps7_cortexa9_0 Processor is in use. Please stop existing Run or Debug sessions before launching.
14:30:17 INFO  : Processor reset is completed for ps7_cortexa9_0
14:30:17 ERROR : No such port: COM4
14:32:22 INFO  : Processor reset is completed for ps7_cortexa9_0
14:32:22 ERROR : No such port: COM4
14:32:53 INFO  : Processor reset is completed for ps7_cortexa9_0
14:33:33 INFO  : FPGA configured successfully with bitstream "C:/opt/ZedBoardAudioEqualizer/ZedBoard_FreeRTOS_Audio_Loopback_V1_0_1/system_wrapper_hw_platform_0/system_wrapper.bit"
14:33:39 INFO  : ps7_init is completed.
14:33:39 INFO  : ps7_post_config is completed.
14:33:40 INFO  : Processor reset is completed for ps7_cortexa9_0
14:34:13 INFO  : Processor reset is completed for ps7_cortexa9_0
14:34:53 INFO  : Processor reset is completed for ps7_cortexa9_0
14:35:41 ERROR : Unexpected error while parsing XMD response ?: com.google.gson.JsonSyntaxException: com.google.gson.stream.MalformedJsonException: invalid number or unquoted string near 
14:36:08 INFO  : FPGA configured successfully with bitstream "C:/opt/ZedBoardAudioEqualizer/ZedBoard_FreeRTOS_Audio_Loopback_V1_0_1/system_wrapper_hw_platform_0/system_wrapper.bit"
14:48:22 INFO  : ps7_init is completed.
14:48:22 INFO  : ps7_post_config is completed.
14:48:22 INFO  : Processor reset is completed for ps7_cortexa9_0
14:50:34 INFO  : Processor reset is completed for ps7_cortexa9_0
14:50:59 INFO  : FPGA configured successfully with bitstream "C:/opt/ZedBoardAudioEqualizer/ZedBoard_FreeRTOS_Audio_Loopback_V1_0_1/system_wrapper_hw_platform_0/system_wrapper.bit"
14:51:06 INFO  : ps7_init is completed.
14:51:06 INFO  : ps7_post_config is completed.
14:51:06 INFO  : Processor reset is completed for ps7_cortexa9_0
14:51:28 INFO  : Processor reset is completed for ps7_cortexa9_0
14:52:57 INFO  : ps7_cortexa9_0 Processor is in use. Please stop existing Run or Debug sessions before launching.
14:53:00 INFO  : Processor reset is completed for ps7_cortexa9_0
14:53:46 INFO  : ps7_cortexa9_0 Processor is in use. Please stop existing Run or Debug sessions before launching.
14:53:48 INFO  : Processor reset is completed for ps7_cortexa9_0
14:54:39 INFO  : Processor reset is completed for ps7_cortexa9_0
14:55:38 INFO  : Processor reset is completed for ps7_cortexa9_0
14:56:00 INFO  : FPGA Cable Disconnected. All active launches will be terminated.
14:56:00 WARN  : Terminating existing sessions on processor ps7_cortexa9_0
14:56:06 ERROR : Unexpected error while parsing XMD response ?: com.google.gson.JsonSyntaxException: com.google.gson.stream.MalformedJsonException: invalid number or unquoted string near 
14:56:23 INFO  : FPGA configured successfully with bitstream "C:/opt/ZedBoardAudioEqualizer/ZedBoard_FreeRTOS_Audio_Loopback_V1_0_1/system_wrapper_hw_platform_0/system_wrapper.bit"
14:56:33 INFO  : ps7_init is completed.
14:56:33 INFO  : ps7_post_config is completed.
14:56:33 INFO  : Processor reset is completed for ps7_cortexa9_0
14:59:32 INFO  : Processor reset is completed for ps7_cortexa9_0
15:03:15 INFO  : Processor reset is completed for ps7_cortexa9_0
15:03:24 INFO  : ps7_cortexa9_0 Processor is in use. Please stop existing Run or Debug sessions before launching.
15:03:26 INFO  : Processor reset is completed for ps7_cortexa9_0
15:03:42 INFO  : Processor reset is completed for ps7_cortexa9_0
15:05:46 INFO  : Processor reset is completed for ps7_cortexa9_0
15:07:08 INFO  : Processor reset is completed for ps7_cortexa9_0
15:08:17 INFO  : Processor reset is completed for ps7_cortexa9_0
15:09:23 INFO  : Processor reset is completed for ps7_cortexa9_0
15:10:17 INFO  : Processor reset is completed for ps7_cortexa9_0
15:15:49 INFO  : Processor reset is completed for ps7_cortexa9_0
15:21:14 INFO  : Processor reset is completed for ps7_cortexa9_0
15:24:15 INFO  : Processor reset is completed for ps7_cortexa9_0
15:26:02 INFO  : Processor reset is completed for ps7_cortexa9_0
15:26:44 INFO  : Processor reset is completed for ps7_cortexa9_0
15:34:01 INFO  : Processor reset is completed for ps7_cortexa9_0
15:34:42 INFO  : FPGA configured successfully with bitstream "C:/opt/ZedBoardAudioEqualizer/ZedBoard_FreeRTOS_Audio_Loopback_V1_0_1/system_wrapper_hw_platform_0/system_wrapper.bit"
15:34:53 INFO  : ps7_init is completed.
15:34:53 INFO  : ps7_post_config is completed.
15:34:54 INFO  : Processor reset is completed for ps7_cortexa9_0
15:37:21 INFO  : Processor reset is completed for ps7_cortexa9_0
15:38:11 INFO  : ps7_cortexa9_0 Processor is in use. Please stop existing Run or Debug sessions before launching.
15:38:22 ERROR : Unexpected error while parsing XMD response ?: com.google.gson.JsonSyntaxException: com.google.gson.stream.MalformedJsonException: invalid number or unquoted string near 
15:39:11 INFO  : ps7_init is completed.
15:39:11 INFO  : ps7_post_config is completed.
15:39:14 INFO  : FPGA configured successfully with bitstream "C:/opt/ZedBoardAudioEqualizer/ZedBoard_FreeRTOS_Audio_Loopback_V1_0_1/system_wrapper_hw_platform_0/system_wrapper.bit"
15:39:14 INFO  : Processor reset is completed for ps7_cortexa9_0
15:41:44 INFO  : ps7_cortexa9_0 Processor is in use. Please stop existing Run or Debug sessions before launching.
15:41:45 INFO  : Processor reset is completed for ps7_cortexa9_0
15:42:13 INFO  : Processor reset is completed for ps7_cortexa9_0
15:45:11 INFO  : Processor reset is completed for ps7_cortexa9_0
15:45:49 ERROR : Unexpected error while parsing XMD response ?: com.google.gson.JsonSyntaxException: com.google.gson.stream.MalformedJsonException: invalid number or unquoted string near 
15:46:12 ERROR : FPGA Configuration failed.Failed to download the bit file

    Failed to verify DONE bit after configuring FPGA


15:46:26 INFO  : FPGA configured successfully with bitstream "C:/opt/ZedBoardAudioEqualizer/ZedBoard_FreeRTOS_Audio_Loopback_V1_0_1/system_wrapper_hw_platform_0/system_wrapper.bit"
15:46:38 INFO  : ps7_init is completed.
15:46:39 INFO  : ps7_post_config is completed.
15:46:40 INFO  : Processor reset is completed for ps7_cortexa9_0
15:48:18 INFO  : ps7_cortexa9_0 Processor is in use. Please stop existing Run or Debug sessions before launching.
15:48:22 INFO  : Processor reset is completed for ps7_cortexa9_0
15:50:40 INFO  : Processor reset is completed for ps7_cortexa9_0
15:56:49 INFO  : ps7_cortexa9_0 Processor is in use. Please stop existing Run or Debug sessions before launching.
15:56:52 INFO  : Processor reset is completed for ps7_cortexa9_0
16:04:15 INFO  : ps7_cortexa9_0 Processor is in use. Please stop existing Run or Debug sessions before launching.
16:04:18 INFO  : Processor reset is completed for ps7_cortexa9_0
17:04:27 ERROR : Unexpected error while parsing XMD response ?: com.google.gson.JsonSyntaxException: com.google.gson.stream.MalformedJsonException: invalid number or unquoted string near 
