12:26:23 INFO  : Launching XSDB server: xsdb.bat -interactive C:\Users\Lucas\Documents\GitHub\ZedBoardAudioEqualizer\freeRTOS_Integrated_WS_v_4_0_3\temp_xsdb_launch_script.tcl
12:26:24 INFO  : XSDB server has started successfully.
12:27:26 INFO  : Connected to target on host '127.0.0.1' and port '3121'.
12:27:29 INFO  : 'targets -set -filter {jtag_cable_name =~ "Digilent Zed 210248707387" && level==0} -index 1' command is executed.
12:27:32 INFO  : FPGA configured successfully with bitstream "C:/Users/Lucas/Documents/GitHub/ZedBoardAudioEqualizer/freeRTOS_Integrated_WS_v_4_0_3/system_wrapper_hw_platform_0/system_wrapper.bit"
12:30:15 INFO  : Processor reset is completed for ps7_cortexa9_0
12:43:17 INFO  : Processor reset is completed for ps7_cortexa9_0
12:48:44 INFO  : Processor reset is completed for ps7_cortexa9_0
12:49:56 INFO  : Processor reset is completed for ps7_cortexa9_0
12:50:34 INFO  : Processor reset is completed for ps7_cortexa9_0
12:50:37 ERROR : Unexpected error while opening JTAG UART: 
java.lang.RuntimeException: Error while opening JTAG UART server: MDM Uart NOT Present in the System
Could not detect MDM peripheral on hardware. Please check:
    1. If FPGA is configured correctly
    2. MDM Core is instantiated in the design
    3. If the correct FPGA is referred, in case of multiple FPGAs
    4. If the correct MDM is referred, in case of a multiple MDM system
    

	at com.xilinx.sdk.targetmanager.internal.TM.startJTAGUARTServer(TM.java:951)
	at com.xilinx.sdk.debug.core.internal.comm.JTAGUARTStreamsProxy.<init>(JTAGUARTStreamsProxy.java:32)
	at com.xilinx.sdk.debug.core.internal.RemoteProcess.createStreamsProxy(RemoteProcess.java:164)
	at com.xilinx.sdk.debug.core.internal.RemoteProcess.<init>(RemoteProcess.java:65)
	at com.xilinx.sdk.debug.core.XilinxAppLaunchConfigurationDelegate.debugApplication(XilinxAppLaunchConfigurationDelegate.java:778)
	at com.xilinx.sdk.debug.core.XilinxAppLaunchConfigurationDelegate.launch(XilinxAppLaunchConfigurationDelegate.java:311)
	at com.xilinx.sdk.debug.ui.XilinxAppLaunchDelegateWrapper.launch(XilinxAppLaunchDelegateWrapper.java:31)
	at org.eclipse.debug.internal.core.LaunchConfiguration.launch(LaunchConfiguration.java:885)
	at org.eclipse.debug.internal.core.LaunchConfiguration.launch(LaunchConfiguration.java:739)
	at org.eclipse.debug.internal.ui.DebugUIPlugin.buildAndLaunch(DebugUIPlugin.java:1039)
	at org.eclipse.debug.internal.ui.DebugUIPlugin$8.run(DebugUIPlugin.java:1256)
	at org.eclipse.core.internal.jobs.Worker.run(Worker.java:55)
12:51:14 INFO  : Processor reset is completed for ps7_cortexa9_0
13:17:57 INFO  : Processor reset is completed for ps7_cortexa9_0
13:20:08 INFO  : Processor reset is completed for ps7_cortexa9_0
13:26:28 INFO  : Processor reset is completed for ps7_cortexa9_0
13:43:10 ERROR : Unexpected error while parsing XMD response ?: com.google.gson.JsonSyntaxException: com.google.gson.stream.MalformedJsonException: invalid number or unquoted string near 
14:59:13 INFO  : Launching XSDB server: xsdb.bat -interactive C:\Users\Lucas\Documents\GitHub\ZedBoardAudioEqualizer\freeRTOS_Integrated_WS_v_4_0_3\temp_xsdb_launch_script.tcl
14:59:14 INFO  : XSDB server has started successfully.
15:04:32 INFO  : Connected to target on host '127.0.0.1' and port '3121'.
15:04:33 INFO  : 'targets -set -filter {jtag_cable_name =~ "Digilent Zed 210248707387" && level==0} -index 1' command is executed.
15:04:36 INFO  : FPGA configured successfully with bitstream "C:/Users/Lucas/Documents/GitHub/ZedBoardAudioEqualizer/freeRTOS_Integrated_WS_v_4_0_3/system_wrapper_hw_platform_0/system_wrapper.bit"
15:05:06 INFO  : ps7_init is completed.
15:05:06 INFO  : ps7_post_config is completed.
15:05:06 INFO  : Processor reset is completed for ps7_cortexa9_0
15:13:21 INFO  : Processor reset is completed for ps7_cortexa9_0
15:16:59 INFO  : Processor reset is completed for ps7_cortexa9_0
15:17:39 INFO  : Processor reset is completed for ps7_cortexa9_0
15:30:19 INFO  : Processor reset is completed for ps7_cortexa9_0
15:32:58 INFO  : Processor reset is completed for ps7_cortexa9_0
15:41:51 INFO  : Processor reset is completed for ps7_cortexa9_0
15:48:31 INFO  : Processor reset is completed for ps7_cortexa9_0
16:05:24 INFO  : Processor reset is completed for ps7_cortexa9_0
16:11:19 INFO  : Processor reset is completed for ps7_cortexa9_0
16:15:45 INFO  : Processor reset is completed for ps7_cortexa9_0
16:45:03 INFO  : Processor reset is completed for ps7_cortexa9_0
16:51:57 INFO  : Processor reset is completed for ps7_cortexa9_0
16:53:02 INFO  : Processor reset is completed for ps7_cortexa9_0
16:56:13 INFO  : ps7_cortexa9_0 Processor is in use. Please stop existing Run or Debug sessions before launching.
16:56:18 INFO  : Processor reset is completed for ps7_cortexa9_0
16:57:16 INFO  : ps7_cortexa9_0 Processor is in use. Please stop existing Run or Debug sessions before launching.
16:57:20 INFO  : Processor reset is completed for ps7_cortexa9_0
16:59:16 INFO  : Processor reset is completed for ps7_cortexa9_0
17:00:01 INFO  : Processor reset is completed for ps7_cortexa9_0
17:00:58 INFO  : Processor reset is completed for ps7_cortexa9_0
17:01:29 INFO  : Processor reset is completed for ps7_cortexa9_0
17:02:54 INFO  : Processor reset is completed for ps7_cortexa9_0
17:08:41 INFO  : Processor reset is completed for ps7_cortexa9_0
17:10:34 INFO  : ps7_cortexa9_0 Processor is in use. Please stop existing Run or Debug sessions before launching.
17:10:36 INFO  : Processor reset is completed for ps7_cortexa9_0
17:10:50 INFO  : Processor reset is completed for ps7_cortexa9_0
17:11:17 INFO  : Processor reset is completed for ps7_cortexa9_0
17:12:19 INFO  : Processor reset is completed for ps7_cortexa9_0
17:21:39 INFO  : Connected to target on host '127.0.0.1' and port '3121'.
17:21:39 INFO  : 'targets -set -filter {jtag_cable_name =~ "Digilent Zed 210248707387" && level==0} -index 1' command is executed.
17:21:41 INFO  : FPGA configured successfully with bitstream "C:/Users/Lucas/Documents/GitHub/ZedBoardAudioEqualizer/freeRTOS_Integrated_WS_v_4_0_3/system_wrapper_hw_platform_0/system_wrapper.bit"
17:21:49 INFO  : ps7_init is completed.
17:21:49 INFO  : ps7_post_config is completed.
17:21:49 INFO  : Processor reset is completed for ps7_cortexa9_0
17:22:50 INFO  : Connected to target on host '127.0.0.1' and port '3121'.
17:22:50 INFO  : 'targets -set -filter {jtag_cable_name =~ "Digilent Zed 210248707387" && level==0} -index 1' command is executed.
17:22:52 INFO  : FPGA configured successfully with bitstream "C:/Users/Lucas/Documents/GitHub/ZedBoardAudioEqualizer/freeRTOS_Integrated_WS_v_4_0_3/system_wrapper_hw_platform_0/system_wrapper.bit"
17:22:57 INFO  : ps7_init is completed.
17:22:58 INFO  : ps7_post_config is completed.
17:22:58 INFO  : Processor reset is completed for ps7_cortexa9_0
17:24:26 INFO  : Processor reset is completed for ps7_cortexa9_0
17:30:54 INFO  : ps7_cortexa9_0 Processor is in use. Please stop existing Run or Debug sessions before launching.
17:30:56 INFO  : Processor reset is completed for ps7_cortexa9_0
17:32:39 INFO  : ps7_cortexa9_0 Processor is in use. Please stop existing Run or Debug sessions before launching.
17:32:41 INFO  : Processor reset is completed for ps7_cortexa9_0
